#
# A fatal error has been detected by the Java Runtime Environment:
#
#  EXCEPTION_ACCESS_VIOLATION (0xc0000005) at pc=0x00007ffc61db3004, pid=8564, tid=35248
#
# JRE version: Java(TM) SE Runtime Environment (24.0+36) (build 24+36-3646)
# Java VM: Java HotSpot(TM) 64-Bit Server VM (24+36-3646, mixed mode, emulated-client, sharing, tiered, compressed oops, compressed class ptrs, g1 gc, windows-amd64)
# Problematic frame:
# C  [libasyncProfiler.dll+0x93004]
#
# No core dump will be written. Minidumps are not enabled by default on client versions of Windows
#
# JFR recording file will be written. Location: C:\Users\maciej\javaProjects\hs_err_pid8564.jfr
#
# If you would like to submit a bug report, please visit:
#   https://bugreport.java.com/bugreport/crash.jsp
# The crash happened outside the Java Virtual Machine in native code.
# See problematic frame for where to report the bug.
#

---------------  S U M M A R Y ------------

Command Line: -XX:TieredStopAtLevel=1 -Dspring.output.ansi.enabled=always -Dcom.sun.management.jmxremote -Dspring.jmx.enabled=true -Dspring.liveBeansView.mbeanDomain -Dspring.application.admin.enabled=true -Dmanagement.endpoints.jmx.exposure.include=* -javaagent:C:\Program Files\JetBrains\IntelliJ IDEA 2024.3.5\lib\idea_rt.jar=57857 -Dfile.encoding=UTF-8 -Dsun.stdout.encoding=UTF-8 -Dsun.stderr.encoding=UTF-8 xyz.teodorowicz.pm.PmApplicationKt

Host: 12th Gen Intel(R) Core(TM) i5-12450HX, 12 cores, 15G,  Windows 11 , 64 bit Build 22621 (10.0.22621.4391)
Time: Thu Mar 20 11:23:55 2025  Windows 11 , 64 bit Build 22621 (10.0.22621.4391) elapsed time: 2092.719179 seconds (0d 0h 34m 52s)

---------------  T H R E A D  ---------------

Current thread (0x0000022941018ca0):  JavaThread "Attach Listener" daemon [_thread_in_native, id=35248, stack(0x0000005672b00000,0x0000005672c00000) (1024K)]

Stack: [0x0000005672b00000,0x0000005672c00000],  sp=0x0000005672bfece0,  free space=1019k
Native frames: (J=compiled Java code, j=interpreted, Vv=VM code, C=native code)
C  [libasyncProfiler.dll+0x93004]  (no source info available)
C  [libasyncProfiler.dll+0x934db]  (no source info available)
C  [libasyncProfiler.dll+0x92134]  (no source info available)
C  [libasyncProfiler.dll+0x929aa]  (no source info available)
C  [libasyncProfiler.dll+0x8d561]  (no source info available)
C  [libasyncProfiler.dll+0x7ef21]  (no source info available)
C  [libasyncProfiler.dll+0x7dc38]  (no source info available)
C  [libasyncProfiler.dll+0x7db20]  (no source info available)
C  [libasyncProfiler.dll+0x84af9]  (no source info available)
V  [jvm.dll+0x57f1b7]  (no source info available)
V  [jvm.dll+0x57ff2c]  (no source info available)
V  [jvm.dll+0x14c9b7]  (no source info available)
V  [jvm.dll+0x14df81]  (no source info available)
V  [jvm.dll+0x42f566]  (no source info available)
V  [jvm.dll+0x87d8fb]  (no source info available)
V  [jvm.dll+0x72efe5]  (no source info available)
C  [ucrtbase.dll+0x29333]  (no source info available)
C  [KERNEL32.DLL+0x1259d]  (no source info available)
C  [ntdll.dll+0x5af38]  (no source info available)


siginfo: EXCEPTION_ACCESS_VIOLATION (0xc0000005), reading address 0xffffffffffffffff


Registers:
RAX=0x0000000000000010, RBX=0x0000000000000000, RCX=0xffffffffffffffff, RDX=0x007ffc4c962ff010
RSP=0x0000005672bfece0, RBP=0x000002294d22f288, RSI=0x0000005672bfee50, RDI=0x000002294d22f288
R8 =0x0000000000000042, R9 =0x0000000704c00000, R10=0x00007ffc4cbd9fc0, R11=0x0000000000000036
R12=0x0000005672bfee50, R13=0x000002294d11d630, R14=0x0000022941019068, R15=0x0000022941019068
RIP=0x00007ffc61db3004, EFLAGS=0x0000000000010202

XMM[0]=0x0000000000000000 0x0000000000000000
XMM[1]=0x0000000000000000 0x0000000000000000
XMM[2]=0x0000000000000000 0x0000000000000000
XMM[3]=0x0000000000000000 0x0000000000000000
XMM[4]=0x0000000000000000 0x0000000000000000
XMM[5]=0x0000000000000000 0x0000000000000000
XMM[6]=0x0000000000000000 0x0000000000000000
XMM[7]=0x0000000000000000 0x0000000000000000
XMM[8]=0x0000000000000000 0x0000000000000000
XMM[9]=0x0000000000000000 0x0000000000000000
XMM[10]=0x0000000000000000 0x0000000000000000
XMM[11]=0x0000000000000000 0x0000000000000000
XMM[12]=0x0000000000000000 0x0000000000000000
XMM[13]=0x0000000000000000 0x0000000000000000
XMM[14]=0x0000000000000000 0x0000000000000000
XMM[15]=0x0000000000000000 0x0000000000000000
  MXCSR=0x00001fa0


Register to memory mapping:

RAX=0x0000000000000010 is an unknown value
RBX=0x0 is null
RCX=0xffffffffffffffff is an unknown value
RDX=0x007ffc4c962ff010 is an unknown value
RSP=0x0000005672bfece0 is pointing into the stack for thread: 0x0000022941018ca0
RBP=0x000002294d22f288 points into unknown readable memory: 0x0000000704c00000 | 00 00 c0 04 07 00 00 00
RSI=0x0000005672bfee50 is pointing into the stack for thread: 0x0000022941018ca0
RDI=0x000002294d22f288 points into unknown readable memory: 0x0000000704c00000 | 00 00 c0 04 07 00 00 00
R8 =0x0000000000000042 is an unknown value
R9 =0x0000000704c00000 is an oop: java.lang.ref.Reference$ReferenceHandler 
{0x0000000704c00000} - klass: 'java/lang/ref/Reference$ReferenceHandler' - flags: 

 - ---- fields (total size 14 words):
 - 'threadLocalRandomProbe' 'I' @12  0 (0x00000000)
 - private volatile 'eetop' 'J' @16  2376207513520 (0x00000229410137b0)
 - private final 'tid' 'J' @24  14 (0x000000000000000e)
 - 'threadLocalRandomSeed' 'J' @32  0 (0x0000000000000000)
 - injected 'jvmti_thread_state' 'J' @40  2376409071456 (0x000002294d04bf60)
 - 'threadLocalRandomSecondarySeed' 'I' @48  0 (0x00000000)
 - injected 'jvmti_VTMS_transition_disable_count' 'I' @52  0 (0x00000000)
 - injected 'jfr_epoch' 'S' @56  0 (0x0000)
 - volatile 'interrupted' 'Z' @58  false (0x00)
 - injected 'jvmti_is_in_VTMS_transition' 'Z' @59  false (0x00)
 - private volatile 'name' 'Ljava/lang/String;' @60  "Reference Handler"{0x00000007050cf3d8} (0xe0a19e7b)
 - private volatile 'contextClassLoader' 'Ljava/lang/ClassLoader;' @64  null (0x00000000)
 - private final 'holder' 'Ljava/lang/Thread$FieldHolder;' @68  a 'java/lang/Thread$FieldHolder'{0x0000000705523328} (0xe0aa4665)
 - 'threadLocals' 'Ljava/lang/ThreadLocal$ThreadLocalMap;' @72  null (0x00000000)
 - 'inheritableThreadLocals' 'Ljava/lang/ThreadLocal$ThreadLocalMap;' @76  null (0x00000000)
 - private 'scopedValueBindings' 'Ljava/lang/Object;' @80  a 'java/lang/Class'{0x0000000704c01af0} = 'java/lang/Thread' (0xe098035e)
 - final 'interruptLock' 'Ljava/lang/Object;' @84  a 'java/lang/Object'{0x0000000705523318} (0xe0aa4663)
 - private volatile 'parkBlocker' 'Ljava/lang/Object;' @88  null (0x00000000)
 - private 'nioBlocker' 'Lsun/nio/ch/Interruptible;' @92  null (0x00000000)
 - private 'cont' 'Ljdk/internal/vm/Continuation;' @96  null (0x00000000)
 - private volatile 'uncaughtExceptionHandler' 'Ljava/lang/Thread$UncaughtExceptionHandler;' @100  null (0x00000000)
 - private 'container' 'Ljdk/internal/vm/ThreadContainer;' @104  null (0x00000000)
 - private volatile 'headStackableScopes' 'Ljdk/internal/vm/StackableScope;' @108  null (0x00000000)
R10=0x00007ffc4cbd9fc0 jvm.dll
R11=0x0000000000000036 is an unknown value
R12=0x0000005672bfee50 is pointing into the stack for thread: 0x0000022941018ca0
R13=0x000002294d11d630 points into unknown readable memory: 0x00007ffc4cb4a510 | 10 a5 b4 4c fc 7f 00 00
R14=0x0000022941019068 points into unknown readable memory: 0x00007ffc4cb417b0 | b0 17 b4 4c fc 7f 00 00
R15=0x0000022941019068 points into unknown readable memory: 0x00007ffc4cb417b0 | b0 17 b4 4c fc 7f 00 00

Top of Stack: (sp=0x0000005672bfece0)
0x0000005672bfece0:   0000005672bfee50 000002294d22f288   P..rV....."M)...
0x0000005672bfecf0:   0000000000000000 00000229410193f0   ...........A)...
0x0000005672bfed00:   0000000000000038 00007ffc61db34db   8........4.a....
0x0000005672bfed10:   0000000000000000 0000022941019068   ........h..A)...
0x0000005672bfed20:   0000005672bfee01 0000000000000000   ...rV...........
0x0000005672bfed30:   0000022947cee510 00007ffc61db2134   ...G)...4!.a....
0x0000005672bfed40:   0000000000000000 0000000000000038   ........8.......
0x0000005672bfed50:   0000000000000000 0000000000000038   ........8.......
0x0000005672bfed60:   0000001f48cfd040 000002294d457a90   @..H.....zEM)...
0x0000005672bfed70:   0000022947cee510 0000022947cee5f0   ...G)......G)...
0x0000005672bfed80:   0000022947cee60c 000000000000509c   ...G)....P......
0x0000005672bfed90:   0000000000000000 0000000000000000   ................
0x0000005672bfeda0:   0000000000000000 00007ffc4c3a58e4   .........X:L....
0x0000005672bfedb0:   00007ffc61f0ae00 0000000000002174   ...a....t!......
0x0000005672bfedc0:   00007ffc61f0ae00 00000000ffffffff   ...a............
0x0000005672bfedd0:   0000000000000000 00007ffc61db29aa   .........).a....
0x0000005672bfede0:   0000022941019068 0000000000000000   h..A)...........
0x0000005672bfedf0:   0000005672bfee59 000002294d11d630   Y..rV...0..M)...
0x0000005672bfee00:   0000000000000003 0000000000000048   ........H.......
0x0000005672bfee10:   0000000800800310 0000000000000020   ........ .......
0x0000005672bfee20:   0000022941019068 00007ffc61f0ae00   h..A)......a....
0x0000005672bfee30:   000002296448e450 000002294d04bf60   P.Hd)...`..M)...
0x0000005672bfee40:   0000000800800390 0000022941019068   ........h..A)...
0x0000005672bfee50:   0000022964b8f980 0000022964b90080   ...d)......d)...
0x0000005672bfee60:   0000022964b90080 00007ffc61f0ae00   ...d)......a....
0x0000005672bfee70:   000002294d3ac080 000002294eaa0000   ..:M)......N)...
0x0000005672bfee80:   0000005672bff120 0000000000008840    ..rV...@.......
0x0000005672bfee90:   0000005672bff300 00007ffc61f0ae50   ...rV...P..a....
0x0000005672bfeea0:   0000000000989680 0000000000989680   ................
0x0000005672bfeeb0:   0000005672bfefc0 00007ffc61dad561   ...rV...a..a....
0x0000005672bfeec0:   00007ffc61f0ae00 00007ffc61f0ae58   ...a....X..a....
0x0000005672bfeed0:   00007ffc00000000 00007ffc00000001   ................

Instructions: (pc=0x00007ffc61db3004)
  0x00007ffc61db2f04:   cc cc cc cc cc cc cc cc cc cc cc cc cc cc cc cc
  0x00007ffc61db2f14:   cc cc cc cc cc cc cc cc cc cc cc cc cc cc cc cc
  0x00007ffc61db2f24:   cc cc cc cc cc cc cc cc cc cc cc cc cc cc cc cc
  0x00007ffc61db2f34:   cc cc cc cc cc cc cc cc cc cc cc cc cc cc cc cc
  0x00007ffc61db2f44:   cc cc cc cc cc cc cc cc cc cc cc cc cc cc cc cc
  0x00007ffc61db2f54:   cc cc cc cc cc cc cc cc cc cc cc cc cc cc cc cc
  0x00007ffc61db2f64:   cc cc cc cc cc cc cc cc cc cc cc cc cc cc cc cc
  0x00007ffc61db2f74:   cc cc cc cc cc cc cc cc cc cc cc cc cc cc cc cc
  0x00007ffc61db2f84:   cc cc cc cc cc cc cc cc cc cc cc cc 40 57 48 83
  0x00007ffc61db2f94:   ec 20 48 8b f9 48 8b 0d 30 80 15 00 48 85 c9 74
  0x00007ffc61db2fa4:   20 48 8b 01 48 8d 54 24 38 41 b8 06 00 01 00 4c
  0x00007ffc61db2fb4:   8b 48 30 41 ff d1 85 c0 75 07 48 8b 4c 24 38 eb
  0x00007ffc61db2fc4:   02 33 c9 4c 8b 05 0a 81 15 00 48 89 5c 24 30 4d
  0x00007ffc61db2fd4:   85 c0 74 4a 48 8b 01 48 8b d7 4c 8b 88 28 03 00
  0x00007ffc61db2fe4:   00 41 ff d1 48 85 c0 74 35 48 63 0d b8 3d 15 00
  0x00007ffc61db2ff4:   48 8b 14 01 48 85 d2 74 15 48 63 05 bc 3d 15 00
=>0x00007ffc61db3004:   8b 04 10 48 8b 5c 24 30 48 83 c4 20 5f c3 b8 ff
  0x00007ffc61db3014:   ff ff ff 48 8b 5c 24 30 48 83 c4 20 5f c3 80 3d
  0x00007ffc61db3024:   bb 7f 15 00 00 bb ff ff ff ff 74 20 4c 8b 0d 51
  0x00007ffc61db3034:   7c 15 00 4c 8d 44 24 38 48 8b 0d 35 7c 15 00 48
  0x00007ffc61db3044:   8b d7 41 ff d1 85 c0 0f 44 5c 24 38 8b c3 48 8b
  0x00007ffc61db3054:   5c 24 30 48 83 c4 20 5f c3 cc cc cc cc cc cc cc
  0x00007ffc61db3064:   cc cc cc cc cc cc cc cc cc cc cc cc cc cc cc cc
  0x00007ffc61db3074:   cc cc cc cc cc cc cc cc cc cc cc cc cc cc cc cc
  0x00007ffc61db3084:   cc cc cc cc cc cc cc cc cc cc cc cc 48 89 54 24
  0x00007ffc61db3094:   10 53 55 56 57 41 56 41 57 48 83 ec 28 48 8b f2
  0x00007ffc61db30a4:   4c 8b f1 48 89 4c 24 78 45 33 ff 44 89 7c 24 68
  0x00007ffc61db30b4:   c7 44 24 60 01 00 00 00 48 8d 4c 24 68 e8 69 3c
  0x00007ffc61db30c4:   f7 ff 8b d8 48 8d 4c 24 60 e8 5d 3c f7 ff 8b e8
  0x00007ffc61db30d4:   49 8b ce e8 33 f3 f6 ff 48 8b f8 90 8b c3 f0 0f
  0x00007ffc61db30e4:   b1 2f 74 04 f3 90 eb f4 4c 89 3e 4c 89 7e 08 4c
  0x00007ffc61db30f4:   89 7e 10 49 8b 6e 08 4d 8b 76 10 49 3b ee 0f 84


Stack slot to memory mapping:

stack at sp + 0 slots: 0x0000005672bfee50 is pointing into the stack for thread: 0x0000022941018ca0
stack at sp + 1 slots: 0x000002294d22f288 points into unknown readable memory: 0x0000000704c00000 | 00 00 c0 04 07 00 00 00
stack at sp + 2 slots: 0x0 is null
stack at sp + 3 slots: 0x00000229410193f0 points into unknown readable memory: 0x6e616c2e6176616a | 6a 61 76 61 2e 6c 61 6e
stack at sp + 4 slots: 0x0000000000000038 is an unknown value
stack at sp + 5 slots: 0x00007ffc61db34db libasyncProfiler.dll
stack at sp + 6 slots: 0x0 is null
stack at sp + 7 slots: 0x0000022941019068 points into unknown readable memory: 0x00007ffc4cb417b0 | b0 17 b4 4c fc 7f 00 00

Lock stack of current Java thread (top to bottom):


---------------  P R O C E S S  ---------------

Threads class SMR info:
_java_thread_list=0x0000022948118820, length=36, elements={
0x00000229410137b0, 0x00000229410142b0, 0x0000022941018040, 0x0000022941018ca0,
0x000002294101aa40, 0x000002294101ba50, 0x000002294101c580, 0x000002294109a570,
0x0000022941587480, 0x0000022941587bc0, 0x0000022941bba970, 0x0000022946355960,
0x0000022946372090, 0x00000229468f3740, 0x00000229468f45e0, 0x00000229468f4d30,
0x00000229468f6a70, 0x00000229468f6320, 0x00000229477ae7c0, 0x00000229477b0c50,
0x00000229477aef10, 0x00000229477b13a0, 0x00000229477af660, 0x00000229419b6390,
0x00000229419b7980, 0x00000229419b4da0, 0x00000229419b9e10, 0x00000229419b8820,
0x00000229419b96c0, 0x00000229419b8f70, 0x00000229419b3060, 0x00000229419ba560,
0x00000229468f5480, 0x00000229410c8840, 0x00000229410c7920, 0x0000022964b62a90
}

Java Threads: ( => current thread )
  0x00000229410137b0 JavaThread "Reference Handler"          daemon [_thread_blocked, id=6912, stack(0x0000005672800000,0x0000005672900000) (1024K)]
  0x00000229410142b0 JavaThread "Finalizer"                  daemon [_thread_blocked, id=26992, stack(0x0000005672900000,0x0000005672a00000) (1024K)]
  0x0000022941018040 JavaThread "Signal Dispatcher"          daemon [_thread_blocked, id=28756, stack(0x0000005672a00000,0x0000005672b00000) (1024K)]
=>0x0000022941018ca0 JavaThread "Attach Listener"            daemon [_thread_in_native, id=35248, stack(0x0000005672b00000,0x0000005672c00000) (1024K)]
  0x000002294101aa40 JavaThread "Service Thread"             daemon [_thread_blocked, id=21020, stack(0x0000005672c00000,0x0000005672d00000) (1024K)]
  0x000002294101ba50 JavaThread "Monitor Deflation Thread"   daemon [_thread_blocked, id=31488, stack(0x0000005672d00000,0x0000005672e00000) (1024K)]
  0x000002294101c580 JavaThread "C1 CompilerThread0"         daemon [_thread_blocked, id=31076, stack(0x0000005672e00000,0x0000005672f00000) (1024K)]
  0x000002294109a570 JavaThread "Common-Cleaner"             daemon [_thread_blocked, id=26468, stack(0x0000005672f00000,0x0000005673000000) (1024K)]
  0x0000022941587480 JavaThread "Monitor Ctrl-Break"         daemon [_thread_in_native, id=28100, stack(0x0000005673200000,0x0000005673300000) (1024K)]
  0x0000022941587bc0 JavaThread "Notification Thread"        daemon [_thread_blocked, id=28968, stack(0x0000005673300000,0x0000005673400000) (1024K)]
  0x0000022941bba970 JavaThread "RMI TCP Accept-0"           daemon [_thread_in_native, id=24908, stack(0x0000005673500000,0x0000005673600000) (1024K)]
  0x0000022946355960 JavaThread "RMI Scheduler(0)"           daemon [_thread_blocked, id=20100, stack(0x0000005673700000,0x0000005673800000) (1024K)]
  0x0000022946372090 JavaThread "JMX server connection timeout 31" daemon [_thread_blocked, id=18768, stack(0x0000005673800000,0x0000005673900000) (1024K)]
  0x00000229468f3740 JavaThread "Catalina-utility-1"                [_thread_blocked, id=6564, stack(0x0000005673f00000,0x0000005674000000) (1024K)]
  0x00000229468f45e0 JavaThread "Catalina-utility-2"                [_thread_blocked, id=20604, stack(0x0000005674600000,0x0000005674700000) (1024K)]
  0x00000229468f4d30 JavaThread "container-0"                       [_thread_blocked, id=33196, stack(0x0000005674700000,0x0000005674800000) (1024K)]
  0x00000229468f6a70 JavaThread "PostgreSQL-JDBC-Cleaner"    daemon [_thread_blocked, id=20620, stack(0x0000005674800000,0x0000005674900000) (1024K)]
  0x00000229468f6320 JavaThread "HikariPool-1 housekeeper"   daemon [_thread_blocked, id=25924, stack(0x0000005674a00000,0x0000005674b00000) (1024K)]
  0x00000229477ae7c0 JavaThread "http-nio-8080-exec-1"       daemon [_thread_blocked, id=15776, stack(0x0000005674c00000,0x0000005674d00000) (1024K)]
  0x00000229477b0c50 JavaThread "http-nio-8080-exec-2"       daemon [_thread_blocked, id=34708, stack(0x0000005674d00000,0x0000005674e00000) (1024K)]
  0x00000229477aef10 JavaThread "http-nio-8080-exec-3"       daemon [_thread_blocked, id=25932, stack(0x0000005674e00000,0x0000005674f00000) (1024K)]
  0x00000229477b13a0 JavaThread "http-nio-8080-exec-4"       daemon [_thread_blocked, id=18436, stack(0x0000005674f00000,0x0000005675000000) (1024K)]
  0x00000229477af660 JavaThread "http-nio-8080-exec-5"       daemon [_thread_blocked, id=17644, stack(0x0000005675000000,0x0000005675100000) (1024K)]
  0x00000229419b6390 JavaThread "http-nio-8080-exec-6"       daemon [_thread_blocked, id=6760, stack(0x0000005675100000,0x0000005675200000) (1024K)]
  0x00000229419b7980 JavaThread "http-nio-8080-exec-7"       daemon [_thread_blocked, id=6216, stack(0x0000005675200000,0x0000005675300000) (1024K)]
  0x00000229419b4da0 JavaThread "http-nio-8080-exec-8"       daemon [_thread_blocked, id=23980, stack(0x0000005675300000,0x0000005675400000) (1024K)]
  0x00000229419b9e10 JavaThread "http-nio-8080-exec-9"       daemon [_thread_blocked, id=20020, stack(0x0000005675400000,0x0000005675500000) (1024K)]
  0x00000229419b8820 JavaThread "http-nio-8080-exec-10"      daemon [_thread_blocked, id=15484, stack(0x0000005675500000,0x0000005675600000) (1024K)]
  0x00000229419b96c0 JavaThread "http-nio-8080-Poller"       daemon [_thread_in_native, id=23812, stack(0x0000005675600000,0x0000005675700000) (1024K)]
  0x00000229419b8f70 JavaThread "http-nio-8080-Acceptor"     daemon [_thread_in_native, id=26684, stack(0x0000005675700000,0x0000005675800000) (1024K)]
  0x00000229419b3060 JavaThread "DestroyJavaVM"                     [_thread_blocked, id=17336, stack(0x0000005672000000,0x0000005672100000) (1024K)]
  0x00000229419ba560 JavaThread "RMI TCP Connection(3)-46.239.135.113" daemon [_thread_in_native, id=26532, stack(0x0000005675800000,0x0000005675900000) (1024K)]
  0x00000229468f5480 JavaThread "JFR Recorder Thread"        daemon [_thread_in_native, id=24648, stack(0x0000005671d00000,0x0000005671e00000) (1024K)]
  0x00000229410c8840 JavaThread "C1 CompilerThread1"         daemon [_thread_blocked, id=14312, stack(0x0000005671e00000,0x0000005671f00000) (1024K)]
  0x00000229410c7920 JavaThread "C1 CompilerThread2"         daemon [_thread_blocked, id=24564, stack(0x0000005673000000,0x0000005673100000) (1024K)]
  0x0000022964b62a90 JavaThread "JFR Periodic Tasks"         daemon [_thread_blocked, id=20636, stack(0x0000005673100000,0x0000005673200000) (1024K)]
Total: 36

Other Threads:
  0x0000022941004270 VMThread "VM Thread"                           [id=20168, stack(0x0000005672700000,0x0000005672800000) (1024K)]
  0x00000229645c7d60 WatcherThread "VM Periodic Task Thread"        [id=15876, stack(0x0000005672600000,0x0000005672700000) (1024K)]
  0x000002294ed9d440 WorkerThread "GC Thread#0"                     [id=18788, stack(0x0000005672100000,0x0000005672200000) (1024K)]
  0x00000229465c6000 WorkerThread "GC Thread#1"                     [id=35352, stack(0x0000005673900000,0x0000005673a00000) (1024K)]
  0x00000229465d8010 WorkerThread "GC Thread#2"                     [id=22568, stack(0x0000005673a00000,0x0000005673b00000) (1024K)]
  0x00000229465d83c0 WorkerThread "GC Thread#3"                     [id=25792, stack(0x0000005673b00000,0x0000005673c00000) (1024K)]
  0x00000229465d8770 WorkerThread "GC Thread#4"                     [id=21784, stack(0x0000005673c00000,0x0000005673d00000) (1024K)]
  0x00000229465d8b20 WorkerThread "GC Thread#5"                     [id=11340, stack(0x0000005673d00000,0x0000005673e00000) (1024K)]
  0x0000022946623a00 WorkerThread "GC Thread#6"                     [id=11600, stack(0x0000005673e00000,0x0000005673f00000) (1024K)]
  0x0000022946605b30 WorkerThread "GC Thread#7"                     [id=8124, stack(0x0000005674000000,0x0000005674100000) (1024K)]
  0x0000022946606290 WorkerThread "GC Thread#8"                     [id=19584, stack(0x0000005674100000,0x0000005674200000) (1024K)]
  0x0000022946b64950 WorkerThread "GC Thread#9"                     [id=17112, stack(0x0000005674200000,0x0000005674300000) (1024K)]
  0x000002294edb2b00 ConcurrentGCThread "G1 Main Marker"            [id=10024, stack(0x0000005672200000,0x0000005672300000) (1024K)]
  0x000002294edb3610 WorkerThread "G1 Conc#0"                       [id=33580, stack(0x0000005672300000,0x0000005672400000) (1024K)]
  0x0000022946b65810 WorkerThread "G1 Conc#1"                       [id=25152, stack(0x0000005674300000,0x0000005674400000) (1024K)]
  0x0000022946b645a0 WorkerThread "G1 Conc#2"                       [id=14204, stack(0x0000005674400000,0x0000005674500000) (1024K)]
  0x0000022964488b60 ConcurrentGCThread "G1 Refine#0"               [id=32776, stack(0x0000005672400000,0x0000005672500000) (1024K)]
  0x00000229644894f0 ConcurrentGCThread "G1 Service"                [id=25244, stack(0x0000005672500000,0x0000005672600000) (1024K)]
Total: 18

Threads with active compile tasks:
Total: 0

VM state: not at safepoint (normal execution)

VM Mutex/Monitor currently owned by a thread: None

Heap address: 0x0000000704800000, size: 4024 MB, Compressed Oops mode: Zero based, Oop shift amount: 3

CDS archive(s) mapped at: [0x0000022900000000-0x0000022900d40000-0x0000022900d40000), size 13893632, SharedBaseAddress: 0x0000022900000000, ArchiveRelocationMode: 1.
Compressed class space mapped at: 0x0000022901000000-0x0000022941000000, reserved size: 1073741824
UseCompressedClassPointers 1, UseCompactObjectHeaders 0
Narrow klass pointer bits 32, Max shift 3
Narrow klass base: 0x0000022900000000, Narrow klass shift: 0
Encoding Range: [0x0000022900000000 - 0x0000022a00000000), (4294967296 bytes)
Klass Range:    [0x0000022900000000 - 0x0000022941000000), (1090519040 bytes)
Klass ID Range:  [8 - 1090519033) (1090519025)

GC Precious Log:
 CardTable entry size: 512
 Card Set container configuration: InlinePtr #cards 4 size 8 Array Of Cards #cards 16 size 48 Howl #buckets 8 coarsen threshold 3686 Howl Bitmap #cards 512 size 80 coarsen threshold 460 Card regions per heap region 1 cards per card region 4096
 CPUs: 12 total, 12 available
 Memory: 16091M
 Large Page Support: Disabled
 NUMA Support: Disabled
 Compressed Oops: Enabled (Zero based)
 Heap Region Size: 2M
 Heap Min Capacity: 8M
 Heap Initial Capacity: 252M
 Heap Max Capacity: 4024M
 Pre-touch: Disabled
 Parallel Workers: 10
 Concurrent Workers: 3
 Concurrent Refinement Workers: 10
 Periodic GC: Disabled

Heap:
 garbage-first heap   total reserved 4120576K, committed 98304K, used 76104K [0x0000000704800000, 0x0000000800000000)
  region size 2048K, 17 young (34816K), 2 survivors (4096K)
 Metaspace       used 86692K, committed 87488K, reserved 1179648K
  class space    used 9948K, committed 10240K, reserved 1048576K

Heap Regions: E=young(eden), S=young(survivor), O=old, HS=humongous(starts), HC=humongous(continues), CS=collection set, F=free, TAMS=top-at-mark-start, PB=parsable bottom
|   0|0x0000000704800000, 0x0000000704a00000, 0x0000000704a00000|100%| O|  |TAMS 0x0000000704800000| PB 0x0000000704800000| Untracked |  0
|   1|0x0000000704a00000, 0x0000000704bec630, 0x0000000704c00000| 96%| O|  |TAMS 0x0000000704a00000| PB 0x0000000704a00000| Untracked |  0
|   2|0x0000000704c00000, 0x0000000704e00000, 0x0000000704e00000|100%| O|  |TAMS 0x0000000704c00000| PB 0x0000000704c00000| Untracked |  0
|   3|0x0000000704e00000, 0x0000000705000000, 0x0000000705000000|100%| O|  |TAMS 0x0000000704e00000| PB 0x0000000704e00000| Untracked |  0
|   4|0x0000000705000000, 0x0000000705200000, 0x0000000705200000|100%| O|  |TAMS 0x0000000705000000| PB 0x0000000705000000| Untracked |  0
|   5|0x0000000705200000, 0x0000000705400000, 0x0000000705400000|100%| O|  |TAMS 0x0000000705200000| PB 0x0000000705200000| Untracked |  0
|   6|0x0000000705400000, 0x0000000705600000, 0x0000000705600000|100%| O|  |TAMS 0x0000000705400000| PB 0x0000000705400000| Untracked |  0
|   7|0x0000000705600000, 0x0000000705800000, 0x0000000705800000|100%| O|  |TAMS 0x0000000705600000| PB 0x0000000705600000| Untracked |  0
|   8|0x0000000705800000, 0x0000000705a00000, 0x0000000705a00000|100%| O|  |TAMS 0x0000000705800000| PB 0x0000000705800000| Untracked |  0
|   9|0x0000000705a00000, 0x0000000705c00000, 0x0000000705c00000|100%| O|  |TAMS 0x0000000705a00000| PB 0x0000000705a00000| Untracked |  0
|  10|0x0000000705c00000, 0x0000000705e00000, 0x0000000705e00000|100%| O|  |TAMS 0x0000000705c00000| PB 0x0000000705c00000| Untracked |  0
|  11|0x0000000705e00000, 0x0000000706000000, 0x0000000706000000|100%| O|  |TAMS 0x0000000705e00000| PB 0x0000000705e00000| Untracked |  0
|  12|0x0000000706000000, 0x0000000706200000, 0x0000000706200000|100%| O|  |TAMS 0x0000000706000000| PB 0x0000000706000000| Untracked |  0
|  13|0x0000000706200000, 0x0000000706400000, 0x0000000706400000|100%| O|  |TAMS 0x0000000706200000| PB 0x0000000706200000| Untracked |  0
|  14|0x0000000706400000, 0x0000000706600000, 0x0000000706600000|100%| O|  |TAMS 0x0000000706400000| PB 0x0000000706400000| Untracked |  0
|  15|0x0000000706600000, 0x0000000706800000, 0x0000000706800000|100%| O|  |TAMS 0x0000000706600000| PB 0x0000000706600000| Untracked |  0
|  16|0x0000000706800000, 0x0000000706a00000, 0x0000000706a00000|100%| O|  |TAMS 0x0000000706800000| PB 0x0000000706800000| Untracked |  0
|  17|0x0000000706a00000, 0x0000000706c00000, 0x0000000706c00000|100%| O|  |TAMS 0x0000000706a00000| PB 0x0000000706a00000| Untracked |  0
|  18|0x0000000706c00000, 0x0000000706e00000, 0x0000000706e00000|100%| O|  |TAMS 0x0000000706c00000| PB 0x0000000706c00000| Untracked |  0
|  19|0x0000000706e00000, 0x0000000707000000, 0x0000000707000000|100%| O|  |TAMS 0x0000000706e00000| PB 0x0000000706e00000| Untracked |  0
|  20|0x0000000707000000, 0x0000000707200000, 0x0000000707200000|100%| O|  |TAMS 0x0000000707000000| PB 0x0000000707000000| Untracked |  0
|  21|0x0000000707200000, 0x0000000707317ea0, 0x0000000707400000| 54%| O|  |TAMS 0x0000000707200000| PB 0x0000000707200000| Untracked |  0
|  22|0x0000000707400000, 0x0000000707400000, 0x0000000707600000|  0%| F|  |TAMS 0x0000000707400000| PB 0x0000000707400000| Untracked |  0
|  23|0x0000000707600000, 0x0000000707600000, 0x0000000707800000|  0%| F|  |TAMS 0x0000000707600000| PB 0x0000000707600000| Untracked |  0
|  24|0x0000000707800000, 0x0000000707800000, 0x0000000707a00000|  0%| F|  |TAMS 0x0000000707800000| PB 0x0000000707800000| Untracked |  0
|  25|0x0000000707a00000, 0x0000000707a00000, 0x0000000707c00000|  0%| F|  |TAMS 0x0000000707a00000| PB 0x0000000707a00000| Untracked |  0
|  26|0x0000000707c00000, 0x0000000707c00000, 0x0000000707e00000|  0%| F|  |TAMS 0x0000000707c00000| PB 0x0000000707c00000| Untracked |  0
|  27|0x0000000707e00000, 0x0000000707e00000, 0x0000000708000000|  0%| F|  |TAMS 0x0000000707e00000| PB 0x0000000707e00000| Untracked |  0
|  28|0x0000000708000000, 0x000000070814dbc0, 0x0000000708200000| 65%| S|CS|TAMS 0x0000000708000000| PB 0x0000000708000000| Complete |  0
|  29|0x0000000708200000, 0x0000000708400000, 0x0000000708400000|100%| S|CS|TAMS 0x0000000708200000| PB 0x0000000708200000| Complete |  0
|  30|0x0000000708400000, 0x0000000708400000, 0x0000000708600000|  0%| F|  |TAMS 0x0000000708400000| PB 0x0000000708400000| Untracked |  0
|  31|0x0000000708600000, 0x0000000708600000, 0x0000000708800000|  0%| F|  |TAMS 0x0000000708600000| PB 0x0000000708600000| Untracked |  0
|  32|0x0000000708800000, 0x0000000708800000, 0x0000000708a00000|  0%| F|  |TAMS 0x0000000708800000| PB 0x0000000708800000| Untracked |  0
|  33|0x0000000708a00000, 0x0000000708b15d20, 0x0000000708c00000| 54%| E|  |TAMS 0x0000000708a00000| PB 0x0000000708a00000| Complete |  0
|  34|0x0000000708c00000, 0x0000000708e00000, 0x0000000708e00000|100%| E|CS|TAMS 0x0000000708c00000| PB 0x0000000708c00000| Complete |  0
|  35|0x0000000708e00000, 0x0000000709000000, 0x0000000709000000|100%| E|CS|TAMS 0x0000000708e00000| PB 0x0000000708e00000| Complete |  0
|  36|0x0000000709000000, 0x0000000709200000, 0x0000000709200000|100%| E|CS|TAMS 0x0000000709000000| PB 0x0000000709000000| Complete |  0
|  37|0x0000000709200000, 0x0000000709400000, 0x0000000709400000|100%| E|CS|TAMS 0x0000000709200000| PB 0x0000000709200000| Complete |  0
|  38|0x0000000709400000, 0x0000000709600000, 0x0000000709600000|100%| E|CS|TAMS 0x0000000709400000| PB 0x0000000709400000| Complete |  0
|  39|0x0000000709600000, 0x0000000709800000, 0x0000000709800000|100%| E|CS|TAMS 0x0000000709600000| PB 0x0000000709600000| Complete |  0
|  40|0x0000000709800000, 0x0000000709a00000, 0x0000000709a00000|100%| E|CS|TAMS 0x0000000709800000| PB 0x0000000709800000| Complete |  0
|  97|0x0000000710a00000, 0x0000000710c00000, 0x0000000710c00000|100%| E|CS|TAMS 0x0000000710a00000| PB 0x0000000710a00000| Complete |  0
|  98|0x0000000710c00000, 0x0000000710e00000, 0x0000000710e00000|100%| E|CS|TAMS 0x0000000710c00000| PB 0x0000000710c00000| Complete |  0
| 102|0x0000000711400000, 0x0000000711600000, 0x0000000711600000|100%| E|CS|TAMS 0x0000000711400000| PB 0x0000000711400000| Complete |  0
| 103|0x0000000711600000, 0x0000000711800000, 0x0000000711800000|100%| E|CS|TAMS 0x0000000711600000| PB 0x0000000711600000| Complete |  0
| 104|0x0000000711800000, 0x0000000711a00000, 0x0000000711a00000|100%| E|CS|TAMS 0x0000000711800000| PB 0x0000000711800000| Complete |  0
| 125|0x0000000714200000, 0x0000000714400000, 0x0000000714400000|100%| E|CS|TAMS 0x0000000714200000| PB 0x0000000714200000| Complete |  0
|2011|0x00000007ffe00000, 0x0000000800000000, 0x0000000800000000|100%| E|CS|TAMS 0x00000007ffe00000| PB 0x00000007ffe00000| Complete |  0

Card table byte_map: [0x000002295d2f0000,0x000002295dad0000] _byte_map_base: 0x0000022959acc000

Marking Bits: (CMBitMap*) 0x000002294ed9e760
 Bits: [0x000002295dad0000, 0x00000229619b0000)

Polling page: 0x000002294ea90000

Metaspace:

Usage:
  Non-class:     74.95 MB used.
      Class:      9.72 MB used.
       Both:     84.66 MB used.

Virtual space:
  Non-class space:      128.00 MB reserved,      75.44 MB ( 59%) committed,  2 nodes.
      Class space:        1.00 GB reserved,      10.00 MB ( <1%) committed,  1 nodes.
             Both:        1.12 GB reserved,      85.44 MB (  7%) committed. 

Chunk freelists:
   Non-Class:  4.53 MB
       Class:  6.01 MB
        Both:  10.54 MB

MaxMetaspaceSize: unlimited
CompressedClassSpaceSize: 1.00 GB
Initial GC threshold: 21.00 MB
Current GC threshold: 125.00 MB
CDS: on
 - commit_granule_bytes: 65536.
 - commit_granule_words: 8192.
 - virtual_space_node_default_size: 8388608.
 - enlarge_chunks_in_place: 1.
UseCompressedClassPointers 1, UseCompactObjectHeaders 0
Narrow klass pointer bits 32, Max shift 3
Narrow klass base: 0x0000022900000000, Narrow klass shift: 0
Encoding Range: [0x0000022900000000 - 0x0000022a00000000), (4294967296 bytes)
Klass Range:    [0x0000022900000000 - 0x0000022941000000), (1090519040 bytes)
Klass ID Range:  [8 - 1090519033) (1090519025)


Internal statistics:

num_allocs_failed_limit: 9.
num_arena_births: 1150.
num_arena_deaths: 0.
num_vsnodes_births: 3.
num_vsnodes_deaths: 0.
num_space_committed: 1367.
num_space_uncommitted: 0.
num_chunks_returned_to_freelist: 9.
num_chunks_taken_from_freelist: 4242.
num_chunk_merges: 9.
num_chunk_splits: 3145.
num_chunks_enlarged: 2555.
num_inconsistent_stats: 0.

CodeCache: size=49152Kb used=14910Kb max_used=14910Kb free=34242Kb
 bounds [0x0000022959010000, 0x0000022959f10000, 0x000002295c010000]
 total_blobs=10745, nmethods=9950, adapters=718, full_count=0
Compilation: enabled, stopped_count=0, restarted_count=0

Compilation events (20 events):
Event: 2092.684 Thread 0x000002294101c580 10052       1       jdk.jfr.internal.Logger::shouldLog (17 bytes)
Event: 2092.684 Thread 0x000002294101c580 nmethod 10052 0x00000229593b5688 code [0x00000229593b57a0, 0x00000229593b5868]
Event: 2092.684 Thread 0x000002294101c580 10058   !   1       jdk.jfr.internal.Control::setValue (102 bytes)
Event: 2092.684 Thread 0x00000229410c7920 10059       1       jdk.jfr.internal.SettingsManager$InternalSetting::getValues (35 bytes)
Event: 2092.684 Thread 0x00000229410c7920 nmethod 10059 0x00000229593b5308 code [0x00000229593b5440, 0x00000229593b5648]
Event: 2092.684 Thread 0x00000229410c8840 10060       1       jdk.jfr.internal.Control::apply (10 bytes)
Event: 2092.684 Thread 0x00000229410c7920 10054       1       jdk.jfr.internal.EventControl::getEventType (5 bytes)
Event: 2092.684 Thread 0x00000229410c7920 nmethod 10054 0x00000229593b5008 code [0x00000229593b5100, 0x00000229593b51c8]
Event: 2092.684 Thread 0x00000229410c7920 10055       1       jdk.jfr.internal.EventControl::getSettingsId (5 bytes)
Event: 2092.684 Thread 0x00000229410c8840 nmethod 10060 0x00000229593b4d08 code [0x00000229593b4e20, 0x00000229593b4f30]
Event: 2092.684 Thread 0x00000229410c7920 nmethod 10055 0x00000229593b4a08 code [0x00000229593b4b00, 0x00000229593b4bc8]
Event: 2092.684 Thread 0x00000229410c8840 10056       1       jdk.jfr.internal.EventControl::getNamedControls (5 bytes)
Event: 2092.684 Thread 0x00000229410c7920 10057       1       jdk.jfr.internal.PlatformEventType::isEnabled (5 bytes)
Event: 2092.685 Thread 0x00000229410c8840 nmethod 10056 0x00000229593b4708 code [0x00000229593b4800, 0x00000229593b48c8]
Event: 2092.685 Thread 0x00000229410c7920 nmethod 10057 0x00000229593b4408 code [0x00000229593b4500, 0x00000229593b45c8]
Event: 2092.685 Thread 0x000002294101c580 nmethod 10058 0x00000229593b3b08 code [0x00000229593b3d00, 0x00000229593b4390]
Event: 2092.687 Thread 0x000002294101c580 10061       1       jdk.jfr.internal.periodic.EventTask::getEventType (5 bytes)
Event: 2092.687 Thread 0x000002294101c580 nmethod 10061 0x00000229593b3808 code [0x00000229593b3900, 0x00000229593b39c8]
Event: 2092.687 Thread 0x000002294101c580 10062       1       jdk.jfr.internal.periodic.PeriodicTask::getPeriod (5 bytes)
Event: 2092.687 Thread 0x000002294101c580 nmethod 10062 0x00000229593b3508 code [0x00000229593b3600, 0x00000229593b36c8]

GC Heap History (20 events):
Event: 3.590 GC heap before
{Heap before GC invocations=10 (full 0):
 garbage-first heap   total reserved 4120576K, committed 81920K, used 65012K [0x0000000704800000, 0x0000000800000000)
  region size 2048K, 20 young (40960K), 1 survivors (2048K)
 Metaspace       used 51466K, committed 51968K, reserved 1114112K
  class space    used 5630K, committed 5824K, reserved 1048576K
}
Event: 3.593 GC heap after
{Heap after GC invocations=11 (full 0):
 garbage-first heap   total reserved 4120576K, committed 81920K, used 32172K [0x0000000704800000, 0x0000000800000000)
  region size 2048K, 2 young (4096K), 2 survivors (4096K)
 Metaspace       used 51466K, committed 51968K, reserved 1114112K
  class space    used 5630K, committed 5824K, reserved 1048576K
}
Event: 4.074 GC heap before
{Heap before GC invocations=11 (full 0):
 garbage-first heap   total reserved 4120576K, committed 81920K, used 60844K [0x0000000704800000, 0x0000000800000000)
  region size 2048K, 18 young (36864K), 2 survivors (4096K)
 Metaspace       used 59854K, committed 60288K, reserved 1114112K
  class space    used 6464K, committed 6656K, reserved 1048576K
}
Event: 4.078 GC heap after
{Heap after GC invocations=12 (full 0):
 garbage-first heap   total reserved 4120576K, committed 81920K, used 32092K [0x0000000704800000, 0x0000000800000000)
  region size 2048K, 3 young (6144K), 3 survivors (6144K)
 Metaspace       used 59854K, committed 60288K, reserved 1114112K
  class space    used 6464K, committed 6656K, reserved 1048576K
}
Event: 4.685 GC heap before
{Heap before GC invocations=13 (full 0):
 garbage-first heap   total reserved 4120576K, committed 81920K, used 68956K [0x0000000704800000, 0x0000000800000000)
  region size 2048K, 21 young (43008K), 3 survivors (6144K)
 Metaspace       used 67045K, committed 67712K, reserved 1114112K
  class space    used 7384K, committed 7680K, reserved 1048576K
}
Event: 4.689 GC heap after
{Heap after GC invocations=14 (full 0):
 garbage-first heap   total reserved 4120576K, committed 81920K, used 33746K [0x0000000704800000, 0x0000000800000000)
  region size 2048K, 2 young (4096K), 2 survivors (4096K)
 Metaspace       used 67045K, committed 67712K, reserved 1114112K
  class space    used 7384K, committed 7680K, reserved 1048576K
}
Event: 5.095 GC heap before
{Heap before GC invocations=14 (full 0):
 garbage-first heap   total reserved 4120576K, committed 81920K, used 70610K [0x0000000704800000, 0x0000000800000000)
  region size 2048K, 20 young (40960K), 2 survivors (4096K)
 Metaspace       used 71335K, committed 71872K, reserved 1114112K
  class space    used 7871K, committed 8128K, reserved 1048576K
}
Event: 5.102 GC heap after
{Heap after GC invocations=15 (full 0):
 garbage-first heap   total reserved 4120576K, committed 81920K, used 36455K [0x0000000704800000, 0x0000000800000000)
  region size 2048K, 3 young (6144K), 3 survivors (6144K)
 Metaspace       used 71335K, committed 71872K, reserved 1114112K
  class space    used 7871K, committed 8128K, reserved 1048576K
}
Event: 5.446 GC heap before
{Heap before GC invocations=15 (full 0):
 garbage-first heap   total reserved 4120576K, committed 81920K, used 69223K [0x0000000704800000, 0x0000000800000000)
  region size 2048K, 19 young (38912K), 3 survivors (6144K)
 Metaspace       used 74235K, committed 74880K, reserved 1179648K
  class space    used 8234K, committed 8512K, reserved 1048576K
}
Event: 5.450 GC heap after
{Heap after GC invocations=16 (full 0):
 garbage-first heap   total reserved 4120576K, committed 81920K, used 39368K [0x0000000704800000, 0x0000000800000000)
  region size 2048K, 2 young (4096K), 2 survivors (4096K)
 Metaspace       used 74235K, committed 74880K, reserved 1179648K
  class space    used 8234K, committed 8512K, reserved 1048576K
}
Event: 5.704 GC heap before
{Heap before GC invocations=16 (full 0):
 garbage-first heap   total reserved 4120576K, committed 81920K, used 70088K [0x0000000704800000, 0x0000000800000000)
  region size 2048K, 18 young (36864K), 2 survivors (4096K)
 Metaspace       used 76065K, committed 76736K, reserved 1179648K
  class space    used 8467K, committed 8768K, reserved 1048576K
}
Event: 5.711 GC heap after
{Heap after GC invocations=17 (full 0):
 garbage-first heap   total reserved 4120576K, committed 81920K, used 41955K [0x0000000704800000, 0x0000000800000000)
  region size 2048K, 3 young (6144K), 3 survivors (6144K)
 Metaspace       used 76065K, committed 76736K, reserved 1179648K
  class space    used 8467K, committed 8768K, reserved 1048576K
}
Event: 5.951 GC heap before
{Heap before GC invocations=18 (full 0):
 garbage-first heap   total reserved 4120576K, committed 81920K, used 70627K [0x0000000704800000, 0x0000000800000000)
  region size 2048K, 17 young (34816K), 3 survivors (6144K)
 Metaspace       used 76824K, committed 77568K, reserved 1179648K
  class space    used 8640K, committed 8960K, reserved 1048576K
}
Event: 5.958 GC heap after
{Heap after GC invocations=19 (full 0):
 garbage-first heap   total reserved 4120576K, committed 81920K, used 43506K [0x0000000704800000, 0x0000000800000000)
  region size 2048K, 3 young (6144K), 3 survivors (6144K)
 Metaspace       used 76824K, committed 77568K, reserved 1179648K
  class space    used 8640K, committed 8960K, reserved 1048576K
}
Event: 6.488 GC heap before
{Heap before GC invocations=19 (full 0):
 garbage-first heap   total reserved 4120576K, committed 81920K, used 70130K [0x0000000704800000, 0x0000000800000000)
  region size 2048K, 16 young (32768K), 3 survivors (6144K)
 Metaspace       used 78192K, committed 78976K, reserved 1179648K
  class space    used 8858K, committed 9216K, reserved 1048576K
}
Event: 6.498 GC heap after
{Heap after GC invocations=20 (full 0):
 garbage-first heap   total reserved 4120576K, committed 98304K, used 44438K [0x0000000704800000, 0x0000000800000000)
  region size 2048K, 2 young (4096K), 2 survivors (4096K)
 Metaspace       used 78192K, committed 78976K, reserved 1179648K
  class space    used 8858K, committed 9216K, reserved 1048576K
}
Event: 276.105 GC heap before
{Heap before GC invocations=20 (full 0):
 garbage-first heap   total reserved 4120576K, committed 98304K, used 85398K [0x0000000704800000, 0x0000000800000000)
  region size 2048K, 23 young (47104K), 2 survivors (4096K)
 Metaspace       used 84572K, committed 85376K, reserved 1179648K
  class space    used 9668K, committed 9984K, reserved 1048576K
}
Event: 276.112 GC heap after
{Heap after GC invocations=21 (full 0):
 garbage-first heap   total reserved 4120576K, committed 98304K, used 47222K [0x0000000704800000, 0x0000000800000000)
  region size 2048K, 3 young (6144K), 3 survivors (6144K)
 Metaspace       used 84572K, committed 85376K, reserved 1179648K
  class space    used 9668K, committed 9984K, reserved 1048576K
}
Event: 1440.505 GC heap before
{Heap before GC invocations=21 (full 0):
 garbage-first heap   total reserved 4120576K, committed 98304K, used 84086K [0x0000000704800000, 0x0000000800000000)
  region size 2048K, 21 young (43008K), 3 survivors (6144K)
 Metaspace       used 85682K, committed 86464K, reserved 1179648K
  class space    used 9817K, committed 10112K, reserved 1048576K
}
Event: 1440.510 GC heap after
{Heap after GC invocations=22 (full 0):
 garbage-first heap   total reserved 4120576K, committed 98304K, used 47432K [0x0000000704800000, 0x0000000800000000)
  region size 2048K, 2 young (4096K), 2 survivors (4096K)
 Metaspace       used 85682K, committed 86464K, reserved 1179648K
  class space    used 9817K, committed 10112K, reserved 1048576K
}

Dll operation events (13 events):
Event: 0.010 Loaded shared library C:\Program Files\Java\jdk-24\bin\java.dll
Event: 0.097 Loaded shared library C:\Program Files\Java\jdk-24\bin\zip.dll
Event: 0.099 Loaded shared library C:\Program Files\Java\jdk-24\bin\instrument.dll
Event: 0.102 Loaded shared library C:\Program Files\Java\jdk-24\bin\net.dll
Event: 0.104 Loaded shared library C:\Program Files\Java\jdk-24\bin\nio.dll
Event: 0.106 Loaded shared library C:\Program Files\Java\jdk-24\bin\zip.dll
Event: 0.169 Loaded shared library C:\Program Files\Java\jdk-24\bin\jimage.dll
Event: 0.198 Loaded shared library C:\Program Files\Java\jdk-24\bin\extnet.dll
Event: 0.208 Loaded shared library C:\Program Files\Java\jdk-24\bin\management.dll
Event: 0.216 Loaded shared library C:\Program Files\Java\jdk-24\bin\management_ext.dll
Event: 1.700 Loaded shared library C:\Program Files\Java\jdk-24\bin\sunmscapi.dll
Event: 3.268 Loaded shared library C:\Program Files\Java\jdk-24\bin\verify.dll
Event: 2092.584 Loaded shared library C:\Users\maciej\AppData\Local\Temp\idea_libasyncProfiler_dll_temp_folder\libasyncProfiler.dll

Deoptimization events (20 events):
Event: 6.692 Thread 0x00000229468f5480 DEOPT PACKING pc=0x0000022959d0aecc sp=0x00000056745fdd30
Event: 6.692 Thread 0x00000229468f5480 DEOPT UNPACKING pc=0x0000022959065722 sp=0x00000056745fd200 mode 0
Event: 6.692 Thread 0x00000229468f5480 DEOPT PACKING pc=0x0000022959d085c4 sp=0x00000056745fe0f0
Event: 6.692 Thread 0x00000229468f5480 DEOPT UNPACKING pc=0x0000022959065722 sp=0x00000056745fd618 mode 0
Event: 6.692 Thread 0x00000229468f5480 DEOPT PACKING pc=0x0000022959d0aecc sp=0x00000056745fe1f0
Event: 6.692 Thread 0x00000229468f5480 DEOPT UNPACKING pc=0x0000022959065722 sp=0x00000056745fd6c0 mode 0
Event: 6.693 Thread 0x0000022941bd2770 DEOPT PACKING pc=0x0000022959d085c4 sp=0x00000056736fdac0
Event: 6.693 Thread 0x0000022941bd2770 DEOPT UNPACKING pc=0x0000022959065722 sp=0x00000056736fcfe8 mode 0
Event: 6.693 Thread 0x0000022941bd2770 DEOPT PACKING pc=0x0000022959d0aecc sp=0x00000056736fdbc0
Event: 6.693 Thread 0x0000022941bd2770 DEOPT UNPACKING pc=0x0000022959065722 sp=0x00000056736fd090 mode 0
Event: 6.699 Thread 0x00000229419b4650 DEOPT PACKING pc=0x0000022959d5b96c sp=0x0000005675cfc520
Event: 6.699 Thread 0x00000229419b4650 DEOPT UNPACKING pc=0x0000022959065722 sp=0x0000005675cfbb30 mode 0
Event: 6.709 Thread 0x0000022941bd2770 DEOPT PACKING pc=0x0000022959d085c4 sp=0x00000056736fdf60
Event: 6.709 Thread 0x0000022941bd2770 DEOPT UNPACKING pc=0x0000022959065722 sp=0x00000056736fd488 mode 0
Event: 6.709 Thread 0x0000022941bd2770 DEOPT PACKING pc=0x0000022959d0aecc sp=0x00000056736fe060
Event: 6.709 Thread 0x0000022941bd2770 DEOPT UNPACKING pc=0x0000022959065722 sp=0x00000056736fd530 mode 0
Event: 6.743 Thread 0x00000229419ba560 DEOPT PACKING pc=0x0000022959d0aecc sp=0x00000056758fe680
Event: 6.743 Thread 0x00000229419ba560 DEOPT UNPACKING pc=0x0000022959065722 sp=0x00000056758fdb50 mode 0
Event: 39.162 Thread 0x00000229419ba560 DEOPT PACKING pc=0x0000022959cc919c sp=0x00000056758ff170
Event: 39.162 Thread 0x00000229419ba560 DEOPT UNPACKING pc=0x0000022959065722 sp=0x00000056758fe608 mode 0

Classes loaded (20 events):
Event: 2092.670 Loading class jdk/jfr/internal/MetadataWriter
Event: 2092.670 Loading class jdk/jfr/internal/MetadataWriter done
Event: 2092.670 Loading class jdk/jfr/internal/MetadataDescriptor$Element
Event: 2092.670 Loading class jdk/jfr/internal/MetadataDescriptor$Element done
Event: 2092.670 Loading class jdk/jfr/internal/MetadataDescriptor$Attribute
Event: 2092.670 Loading class jdk/jfr/internal/MetadataDescriptor$Attribute done
Event: 2092.674 Loading class jdk/jfr/internal/consumer/StringParser$Encoding
Event: 2092.674 Loading class jdk/jfr/internal/consumer/StringParser$Encoding done
Event: 2092.679 Loading class jdk/jfr/internal/consumer/RepositoryFiles
Event: 2092.680 Loading class jdk/jfr/internal/consumer/RepositoryFiles done
Event: 2092.683 Loading class jdk/jfr/internal/SettingsManager$InternalSetting
Event: 2092.683 Loading class jdk/jfr/internal/SettingsManager$InternalSetting done
Event: 2092.683 Loading class jdk/jfr/internal/util/Rate
Event: 2092.684 Loading class jdk/jfr/internal/util/Rate done
Event: 2092.684 Loading class jdk/jfr/internal/util/TimespanUnit
Event: 2092.684 Loading class jdk/jfr/internal/util/TimespanUnit done
Event: 2092.684 Loading class jdk/jfr/internal/util/ValueParser
Event: 2092.684 Loading class jdk/jfr/internal/util/ValueParser done
Event: 2092.684 Loading class jdk/jfr/internal/periodic/PeriodicType
Event: 2092.685 Loading class jdk/jfr/internal/periodic/PeriodicType done

Classes unloaded (0 events):
No events

Classes redefined (0 events):
No events

Internal exceptions (20 events):
Event: 6.521 Thread 0x0000022941587bc0 Exception <a 'java/lang/NoSuchMethodError'{0x00000007ffe4d2b0}: 'long java.lang.invoke.DirectMethodHandle$Holder.invokeStatic(java.lang.Object, long, long)'> (0x00000007ffe4d2b0) 
thrown [s\open\src\hotspot\share\interpreter\linkResolver.cpp, line 805]
Event: 6.650 Thread 0x00000229468f5480 Exception <a 'java/lang/NoSuchMethodError'{0x0000000711416620}: 'java.lang.Object java.lang.invoke.DirectMethodHandle$Holder.newInvokeSpecial(java.lang.Object, java.lang.Object, java.lang.Object, java.lang.Object, int)'> (0x0000000711416620) 
thrown [s\open\src\hotspot\share\interpreter\linkResolver.cpp, line 805]
Event: 6.651 Thread 0x00000229468f5480 Exception <a 'java/lang/NoSuchMethodError'{0x000000071141f020}: 'java.lang.Object java.lang.invoke.DirectMethodHandle$Holder.invokeSpecial(java.lang.Object, java.lang.Object, java.lang.Object, java.lang.Object, java.lang.Object, int)'> (0x000000071141f020) 
thrown [s\open\src\hotspot\share\interpreter\linkResolver.cpp, line 805]
Event: 6.652 Thread 0x00000229468f5480 Exception <a 'java/lang/NoSuchMethodError'{0x0000000711438750}: 'java.lang.Object java.lang.invoke.Invokers$Holder.linkToTargetMethod(java.lang.Object, java.lang.Object, java.lang.Object, int, java.lang.Object)'> (0x0000000711438750) 
thrown [s\open\src\hotspot\share\interpreter\linkResolver.cpp, line 805]
Event: 38.272 Thread 0x00000229477b13a0 Exception <a 'java/lang/NoSuchMethodError'{0x0000000709560e50}: 'java.lang.Object java.lang.invoke.DirectMethodHandle$Holder.invokeSpecial(java.lang.Object, java.lang.Object, java.lang.Object, java.lang.Object, java.lang.Object, long)'> (0x0000000709560e50) 
thrown [s\open\src\hotspot\share\interpreter\linkResolver.cpp, line 805]
Event: 38.272 Thread 0x00000229477b13a0 Exception <a 'java/lang/NoSuchMethodError'{0x0000000709569770}: 'java.lang.Object java.lang.invoke.DirectMethodHandle$Holder.invokeSpecial(java.lang.Object, java.lang.Object, java.lang.Object, java.lang.Object, java.lang.Object, java.lang.Object, long)'> (0x0000000709569770) 
thrown [s\open\src\hotspot\share\interpreter\linkResolver.cpp, line 805]
Event: 38.272 Thread 0x00000229477b13a0 Exception <a 'java/lang/NoSuchMethodError'{0x0000000709571b48}: 'java.lang.Object java.lang.invoke.DelegatingMethodHandle$Holder.reinvoke_L(java.lang.Object, java.lang.Object, java.lang.Object, java.lang.Object, java.lang.Object, long)'> (0x0000000709571b48) 
thrown [s\open\src\hotspot\share\interpreter\linkResolver.cpp, line 805]
Event: 38.272 Thread 0x00000229477b13a0 Exception <a 'java/lang/NoSuchMethodError'{0x0000000709581f90}: 'java.lang.Object java.lang.invoke.Invokers$Holder.linkToTargetMethod(java.lang.Object, java.lang.Object, java.lang.Object, long, java.lang.Object)'> (0x0000000709581f90) 
thrown [s\open\src\hotspot\share\interpreter\linkResolver.cpp, line 805]
Event: 276.008 Thread 0x00000229419b6390 Exception <a 'java/lang/NoSuchMethodError'{0x00000007080d4688}: 'void java.lang.invoke.DirectMethodHandle$Holder.invokeSpecialIFC(java.lang.Object, java.lang.Object, int, java.lang.Object, java.lang.Object, java.lang.Object, java.lang.Object)'> (0x00000007080d4688) 
thrown [s\open\src\hotspot\share\interpreter\linkResolver.cpp, line 805]
Event: 276.042 Thread 0x00000229419b6390 Exception <a 'java/lang/NoSuchMethodError'{0x0000000707e67220}: 'java.lang.Object java.lang.invoke.Invokers$Holder.linkToTargetMethod(java.lang.Object, java.lang.Object, long, java.lang.Object)'> (0x0000000707e67220) 
thrown [s\open\src\hotspot\share\interpreter\linkResolver.cpp, line 805]
Event: 276.164 Thread 0x00000229419b6390 Exception <a 'java/lang/NoSuchMethodError'{0x00000007142aaac0}: 'int java.lang.invoke.DirectMethodHandle$Holder.invokeStatic(java.lang.Object, java.lang.Object, int, int)'> (0x00000007142aaac0) 
thrown [s\open\src\hotspot\share\interpreter\linkResolver.cpp, line 805]
Event: 276.175 Thread 0x00000229419b6390 Exception <a 'java/lang/NoSuchMethodError'{0x0000000714345138}: 'java.lang.Object java.lang.invoke.DirectMethodHandle$Holder.invokeInterface(java.lang.Object, java.lang.Object, java.lang.Object, java.lang.Object)'> (0x0000000714345138) 
thrown [s\open\src\hotspot\share\interpreter\linkResolver.cpp, line 805]
Event: 276.178 Thread 0x00000229419b6390 Exception <a 'java/lang/NoSuchMethodError'{0x0000000714373140}: 'void java.lang.invoke.Invokers$Holder.invokeExact_MT(java.lang.Object, java.lang.Object, int, java.lang.Object)'> (0x0000000714373140) 
thrown [s\open\src\hotspot\share\interpreter\linkResolver.cpp, line 805]
Event: 276.192 Thread 0x00000229419b6390 Exception <a 'java/lang/IncompatibleClassChangeError'{0x000000071183c928}: Found class java.lang.Object, but interface was expected> (0x000000071183c928) 
thrown [s\open\src\hotspot\share\interpreter\linkResolver.cpp, line 872]
Event: 2092.626 Thread 0x0000022941018ca0 Exception <a 'java/lang/NoSuchMethodError'{0x00000007095ca1b0}: 'void java.lang.invoke.DirectMethodHandle$Holder.invokeStaticInit(java.lang.Object)'> (0x00000007095ca1b0) 
thrown [s\open\src\hotspot\share\interpreter\linkResolver.cpp, line 805]
Event: 2092.661 Thread 0x0000022941018ca0 Exception <a 'java/lang/NoSuchMethodError'{0x0000000708f61630}: 'void java.lang.invoke.DirectMethodHandle$Holder.invokeSpecial(java.lang.Object, java.lang.Object, int)'> (0x0000000708f61630) 
thrown [s\open\src\hotspot\share\interpreter\linkResolver.cpp, line 805]
Event: 2092.662 Thread 0x0000022941018ca0 Exception <a 'java/lang/NoSuchMethodError'{0x0000000708f69250}: 'void java.lang.invoke.Invokers$Holder.invokeExact_MT(java.lang.Object, int, java.lang.Object)'> (0x0000000708f69250) 
thrown [s\open\src\hotspot\share\interpreter\linkResolver.cpp, line 805]
Event: 2092.666 Thread 0x0000022941018ca0 Exception <a 'sun/nio/fs/WindowsException'{0x0000000708fb6460}> (0x0000000708fb6460) 
thrown [s\open\src\hotspot\share\prims\jni.cpp, line 518]
Event: 2092.667 Thread 0x0000022941018ca0 Exception <a 'sun/nio/fs/WindowsException'{0x0000000708fc3310}> (0x0000000708fc3310) 
thrown [s\open\src\hotspot\share\prims\jni.cpp, line 518]
Event: 2092.668 Thread 0x0000022941018ca0 Exception <a 'sun/nio/fs/WindowsException'{0x0000000708fd1028}> (0x0000000708fd1028) 
thrown [s\open\src\hotspot\share\prims\jni.cpp, line 518]

VM Operations (20 events):
Event: 275.988 Executing VM operation: HandshakeAllThreads (Deoptimize)
Event: 275.988 Executing VM operation: HandshakeAllThreads (Deoptimize) done
Event: 276.105 Executing VM operation: G1CollectForAllocation (G1 Evacuation Pause)
Event: 276.112 Executing VM operation: G1CollectForAllocation (G1 Evacuation Pause) done
Event: 300.674 Executing VM operation: HandshakeAllThreads (HandshakeForDeflation)
Event: 300.674 Executing VM operation: HandshakeAllThreads (HandshakeForDeflation) done
Event: 300.674 Executing VM operation: RendezvousGCThreads
Event: 300.674 Executing VM operation: RendezvousGCThreads done
Event: 386.604 Executing VM operation: HandshakeAllThreads (Deoptimize)
Event: 386.604 Executing VM operation: HandshakeAllThreads (Deoptimize) done
Event: 420.929 Executing VM operation: HandshakeAllThreads (HandshakeForDeflation)
Event: 420.929 Executing VM operation: HandshakeAllThreads (HandshakeForDeflation) done
Event: 420.929 Executing VM operation: RendezvousGCThreads
Event: 420.929 Executing VM operation: RendezvousGCThreads done
Event: 1440.505 Executing VM operation: G1CollectForAllocation (G1 Evacuation Pause)
Event: 1440.511 Executing VM operation: G1CollectForAllocation (G1 Evacuation Pause) done
Event: 1907.010 Executing VM operation: HandshakeAllThreads (Deoptimize)
Event: 1907.010 Executing VM operation: HandshakeAllThreads (Deoptimize) done
Event: 2092.680 Executing VM operation: JFRSafepointClear
Event: 2092.680 Executing VM operation: JFRSafepointClear done

Memory protections (0 events):
No events

Nmethod flushes (20 events):
Event: 5.735 Thread 0x0000022941004270 flushing  nmethod 0x00000229597b3d08
Event: 5.735 Thread 0x0000022941004270 flushing  nmethod 0x00000229597fb508
Event: 5.735 Thread 0x0000022941004270 flushing  nmethod 0x00000229598e5a08
Event: 5.735 Thread 0x0000022941004270 flushing  nmethod 0x00000229599c8708
Event: 5.735 Thread 0x0000022941004270 flushing  nmethod 0x00000229599cd488
Event: 5.735 Thread 0x0000022941004270 flushing  nmethod 0x0000022959472608
Event: 5.735 Thread 0x0000022941004270 flushing  nmethod 0x0000022959620188
Event: 5.735 Thread 0x0000022941004270 flushing  nmethod 0x00000229596b6008
Event: 5.735 Thread 0x0000022941004270 flushing  nmethod 0x0000022959728388
Event: 5.735 Thread 0x0000022941004270 flushing  nmethod 0x0000022959769988
Event: 5.735 Thread 0x0000022941004270 flushing  nmethod 0x00000229597a6288
Event: 5.735 Thread 0x0000022941004270 flushing  nmethod 0x00000229597a6c88
Event: 5.735 Thread 0x0000022941004270 flushing  nmethod 0x00000229597e2408
Event: 5.735 Thread 0x0000022941004270 flushing  nmethod 0x0000022959897d88
Event: 5.735 Thread 0x0000022941004270 flushing  nmethod 0x00000229598c0d88
Event: 5.735 Thread 0x0000022941004270 flushing  nmethod 0x00000229598c1088
Event: 5.735 Thread 0x0000022941004270 flushing  nmethod 0x00000229598d7988
Event: 5.735 Thread 0x0000022941004270 flushing  nmethod 0x00000229598da108
Event: 5.735 Thread 0x0000022941004270 flushing  nmethod 0x000002295995da08
Event: 5.735 Thread 0x0000022941004270 flushing  nmethod 0x00000229599bce88

Events (20 events):
Event: 1761.022 Thread 0x00000229468f6320 Thread added: 0x00000229419b5c40
Event: 1761.024 Thread 0x00000229419b5c40 Thread added: 0x00000229419b4650
Event: 1766.026 Thread 0x00000229419b5c40 Thread exited: 0x00000229419b5c40
Event: 1766.132 Thread 0x00000229419b4650 Thread exited: 0x00000229419b4650
Event: 1768.488 Thread 0x00000229468f6320 Thread added: 0x00000229419b4650
Event: 1768.489 Thread 0x00000229419b4650 Thread added: 0x00000229419b54f0
Event: 1781.374 Thread 0x00000229419b4650 Thread exited: 0x00000229419b4650
Event: 1781.464 Thread 0x00000229419b54f0 Thread exited: 0x00000229419b54f0
Event: 1783.127 Thread 0x00000229468f6320 Thread added: 0x00000229419b4650
Event: 1783.128 Thread 0x00000229419b4650 Thread added: 0x00000229419b54f0
Event: 1790.950 Thread 0x00000229419b4650 Thread exited: 0x00000229419b4650
Event: 1791.040 Thread 0x00000229419b54f0 Thread exited: 0x00000229419b54f0
Event: 1799.590 Thread 0x00000229468f6320 Thread added: 0x00000229419b7230
Event: 1799.591 Thread 0x00000229419b7230 Thread added: 0x00000229419b54f0
Event: 1804.592 Thread 0x00000229419b7230 Thread exited: 0x00000229419b7230
Event: 1804.677 Thread 0x00000229419b54f0 Thread exited: 0x00000229419b54f0
Event: 2092.625 Thread 0x0000022941018ca0 Thread added: 0x00000229468f5480
Event: 2092.646 Thread 0x000002294101c580 Thread added: 0x00000229410c8840
Event: 2092.661 Thread 0x00000229410c8840 Thread added: 0x00000229410c7920
Event: 2092.664 Thread 0x0000022941018ca0 Thread added: 0x0000022964b62a90


Dynamic libraries:
0x00007ff6d44f0000 - 0x00007ff6d4500000 	C:\Program Files\Java\jdk-24\bin\java.exe
0x00007ffce3dd0000 - 0x00007ffce3fe7000 	C:\Windows\SYSTEM32\ntdll.dll
0x00007ffce2650000 - 0x00007ffce2714000 	C:\Windows\System32\KERNEL32.DLL
0x00007ffce1200000 - 0x00007ffce15ba000 	C:\Windows\System32\KERNELBASE.dll
0x00007ffce1670000 - 0x00007ffce1781000 	C:\Windows\System32\ucrtbase.dll
0x00007ffcd9a20000 - 0x00007ffcd9a3b000 	C:\Program Files\Java\jdk-24\bin\VCRUNTIME140.dll
0x00007ffcc66f0000 - 0x00007ffcc6706000 	C:\Program Files\Java\jdk-24\bin\jli.dll
0x00007ffce24a0000 - 0x00007ffce264e000 	C:\Windows\System32\USER32.dll
0x00007ffce1830000 - 0x00007ffce1856000 	C:\Windows\System32\win32u.dll
0x00007ffccae90000 - 0x00007ffccb122000 	C:\Windows\WinSxS\amd64_microsoft.windows.common-controls_6595b64144ccf1df_6.0.22621.4541_none_2710d1c57384c085\COMCTL32.dll
0x00007ffce1d50000 - 0x00007ffce1d79000 	C:\Windows\System32\GDI32.dll
0x00007ffce2720000 - 0x00007ffce27c7000 	C:\Windows\System32\msvcrt.dll
0x00007ffce18e0000 - 0x00007ffce19fb000 	C:\Windows\System32\gdi32full.dll
0x00007ffce1790000 - 0x00007ffce182a000 	C:\Windows\System32\msvcp_win.dll
0x00007ffce2f70000 - 0x00007ffce2fa1000 	C:\Windows\System32\IMM32.DLL
0x00007ffcc80c0000 - 0x00007ffcc80cc000 	C:\Program Files\Java\jdk-24\bin\vcruntime140_1.dll
0x00007ffcac990000 - 0x00007ffcaca1e000 	C:\Program Files\Java\jdk-24\bin\msvcp140.dll
0x00007ffc4bf10000 - 0x00007ffc4ccb2000 	C:\Program Files\Java\jdk-24\bin\server\jvm.dll
0x00007ffce1e00000 - 0x00007ffce1eb2000 	C:\Windows\System32\ADVAPI32.dll
0x00007ffce1ec0000 - 0x00007ffce1f67000 	C:\Windows\System32\sechost.dll
0x00007ffce1640000 - 0x00007ffce1668000 	C:\Windows\System32\bcrypt.dll
0x00007ffce2cd0000 - 0x00007ffce2de4000 	C:\Windows\System32\RPCRT4.dll
0x00007ffce1d80000 - 0x00007ffce1df1000 	C:\Windows\System32\WS2_32.dll
0x00007ffcdfee0000 - 0x00007ffcdff2d000 	C:\Windows\SYSTEM32\POWRPROF.dll
0x00007ffcddd90000 - 0x00007ffcdddc4000 	C:\Windows\SYSTEM32\WINMM.dll
0x00007ffcd5af0000 - 0x00007ffcd5afa000 	C:\Windows\SYSTEM32\VERSION.dll
0x00007ffcdfec0000 - 0x00007ffcdfed3000 	C:\Windows\SYSTEM32\UMPDC.dll
0x00007ffce0180000 - 0x00007ffce0198000 	C:\Windows\SYSTEM32\kernel.appcore.dll
0x00007ffcc65e0000 - 0x00007ffcc65ea000 	C:\Program Files\Java\jdk-24\bin\jimage.dll
0x00007ffcde8c0000 - 0x00007ffcdeaf2000 	C:\Windows\SYSTEM32\DBGHELP.DLL
0x00007ffce39e0000 - 0x00007ffce3d71000 	C:\Windows\System32\combase.dll
0x00007ffce2fb0000 - 0x00007ffce3087000 	C:\Windows\System32\OLEAUT32.dll
0x00007ffcc4920000 - 0x00007ffcc4952000 	C:\Windows\SYSTEM32\dbgcore.DLL
0x00007ffce15c0000 - 0x00007ffce163b000 	C:\Windows\System32\bcryptPrimitives.dll
0x00007ffcc65d0000 - 0x00007ffcc65df000 	C:\Program Files\Java\jdk-24\bin\instrument.dll
0x00007ffcc65b0000 - 0x00007ffcc65ce000 	C:\Program Files\Java\jdk-24\bin\java.dll
0x00007ffce1f70000 - 0x00007ffce2115000 	C:\Windows\System32\ole32.dll
0x00007ffce3160000 - 0x00007ffce39d9000 	C:\Windows\System32\SHELL32.dll
0x00007ffcdef80000 - 0x00007ffcdf889000 	C:\Windows\SYSTEM32\windows.storage.dll
0x00007ffcdee40000 - 0x00007ffcdef7f000 	C:\Windows\SYSTEM32\wintypes.dll
0x00007ffce2120000 - 0x00007ffce221a000 	C:\Windows\System32\SHCORE.dll
0x00007ffce1cf0000 - 0x00007ffce1d4e000 	C:\Windows\System32\shlwapi.dll
0x00007ffce0fc0000 - 0x00007ffce0feb000 	C:\Windows\SYSTEM32\profapi.dll
0x00007ffcc6590000 - 0x00007ffcc65a7000 	C:\Program Files\Java\jdk-24\bin\zip.dll
0x00007ffcc6580000 - 0x00007ffcc6590000 	C:\Program Files\Java\jdk-24\bin\net.dll
0x00007ffce05f0000 - 0x00007ffce0659000 	C:\Windows\system32\mswsock.dll
0x00007ffcc3590000 - 0x00007ffcc35a6000 	C:\Program Files\Java\jdk-24\bin\nio.dll
0x00007ffcdfc30000 - 0x00007ffcdfd32000 	C:\Windows\SYSTEM32\DNSAPI.dll
0x00007ffcdfbb0000 - 0x00007ffcdfbdd000 	C:\Windows\SYSTEM32\IPHLPAPI.DLL
0x00007ffce2390000 - 0x00007ffce2399000 	C:\Windows\System32\NSI.dll
0x00007ffcda180000 - 0x00007ffcda18a000 	C:\Windows\System32\rasadhlp.dll
0x00007ffcd56a0000 - 0x00007ffcd5723000 	C:\Windows\System32\fwpuclnt.dll
0x00007ffcc3580000 - 0x00007ffcc3589000 	C:\Program Files\Java\jdk-24\bin\extnet.dll
0x00007ffcc4fc0000 - 0x00007ffcc4fca000 	C:\Program Files\Java\jdk-24\bin\management.dll
0x00007ffcc36e0000 - 0x00007ffcc36eb000 	C:\Program Files\Java\jdk-24\bin\management_ext.dll
0x00007ffce2df0000 - 0x00007ffce2df8000 	C:\Windows\System32\PSAPI.DLL
0x00007ffce0940000 - 0x00007ffce095b000 	C:\Windows\SYSTEM32\CRYPTSP.dll
0x00007ffce00e0000 - 0x00007ffce0115000 	C:\Windows\system32\rsaenh.dll
0x00007ffce0690000 - 0x00007ffce06b8000 	C:\Windows\SYSTEM32\USERENV.dll
0x00007ffce0920000 - 0x00007ffce092c000 	C:\Windows\SYSTEM32\CRYPTBASE.dll
0x00007ffccd3b0000 - 0x00007ffccd3c7000 	C:\Windows\system32\napinsp.dll
0x00007ffccb890000 - 0x00007ffccb8ab000 	C:\Windows\system32\pnrpnsp.dll
0x00007ffccb870000 - 0x00007ffccb881000 	C:\Windows\System32\winrnr.dll
0x00007ffcd6e90000 - 0x00007ffcd6ea5000 	C:\Windows\system32\wshbth.dll
0x00007ffcca0f0000 - 0x00007ffcca117000 	C:\Windows\system32\nlansp_c.dll
0x00007ffcc34b0000 - 0x00007ffcc34be000 	C:\Program Files\Java\jdk-24\bin\sunmscapi.dll
0x00007ffce1090000 - 0x00007ffce11f6000 	C:\Windows\System32\CRYPT32.dll
0x00007ffce0a50000 - 0x00007ffce0a7d000 	C:\Windows\SYSTEM32\ncrypt.dll
0x00007ffce0a10000 - 0x00007ffce0a47000 	C:\Windows\SYSTEM32\NTASN1.dll
0x00007ffcc6550000 - 0x00007ffcc6560000 	C:\Program Files\Java\jdk-24\bin\verify.dll
0x00007ffcc4f10000 - 0x00007ffcc4f18000 	C:\Windows\system32\wshunix.dll
0x00007ffc61d20000 - 0x00007ffc61f2e000 	C:\Users\maciej\AppData\Local\Temp\idea_libasyncProfiler_dll_temp_folder\libasyncProfiler.dll

dbghelp: loaded successfully - version: 4.0.5 - missing functions: none
symbol engine: initialized successfully - sym options: 0x614 - pdb path: .;C:\Program Files\Java\jdk-24\bin;C:\Windows\SYSTEM32;C:\Windows\WinSxS\amd64_microsoft.windows.common-controls_6595b64144ccf1df_6.0.22621.4541_none_2710d1c57384c085;C:\Program Files\Java\jdk-24\bin\server;C:\Users\maciej\AppData\Local\Temp\idea_libasyncProfiler_dll_temp_folder

VM Arguments:
jvm_args: -XX:TieredStopAtLevel=1 -Dspring.output.ansi.enabled=always -Dcom.sun.management.jmxremote -Dspring.jmx.enabled=true -Dspring.liveBeansView.mbeanDomain -Dspring.application.admin.enabled=true -Dmanagement.endpoints.jmx.exposure.include=* -javaagent:C:\Program Files\JetBrains\IntelliJ IDEA 2024.3.5\lib\idea_rt.jar=57857 -Dfile.encoding=UTF-8 -Dsun.stdout.encoding=UTF-8 -Dsun.stderr.encoding=UTF-8 
java_command: xyz.teodorowicz.pm.PmApplicationKt
java_class_path (initial): C:\Users\maciej\javaProjects\build\classes\kotlin\main;C:\Users\maciej\javaProjects\build\resources\main;C:\Users\maciej\.gradle\caches\modules-2\files-2.1\org.springframework.boot\spring-boot-starter-web\3.4.3\87e7a401e7d249fefc7f372f5681e8620234624c\spring-boot-starter-web-3.4.3.jar;C:\Users\maciej\.gradle\caches\modules-2\files-2.1\org.springdoc\springdoc-openapi-starter-webmvc-ui\2.8.5\3cb90c2405edb9b0a841b8be06dff85810f6669\springdoc-openapi-starter-webmvc-ui-2.8.5.jar;C:\Users\maciej\.gradle\caches\modules-2\files-2.1\com.fasterxml.jackson.module\jackson-module-kotlin\2.18.2\64d2a72bacd16a9bb46db5662396dd0b606992d4\jackson-module-kotlin-2.18.2.jar;C:\Users\maciej\.gradle\caches\modules-2\files-2.1\org.jetbrains.kotlin\kotlin-reflect\1.9.25\73023c38b7b20430232893cf9b556dc8486e07a4\kotlin-reflect-1.9.25.jar;C:\Users\maciej\.gradle\caches\modules-2\files-2.1\org.jetbrains.kotlin\kotlin-stdlib\1.9.25\f700a2f2b8f0d6d0fde48f56d894dc722fb029d7\kotlin-stdlib-1.9.25.jar;C:\Users\maciej\.gradle\caches\modules-2\files-2.1\org.springframework.boot\spring-boot-starter-actuator\3.4.3\4b36856a017191d8b7948d4b7ffa4009ddf8c64\spring-boot-starter-actuator-3.4.3.jar;C:\Users\maciej\.gradle\caches\modules-2\files-2.1\org.springframework.boot\spring-boot-starter-data-jpa\3.4.3\29c90fec6e887dc01df09ea4c3548b5a04b7afb4\spring-boot-starter-data-jpa-3.4.3.jar;C:\Users\maciej\.gradle\caches\modules-2\files-2.1\org.springframework.security\spring-security-crypto\6.4.3\157bf3d0173f12882938e244ba5c1359d72908d9\spring-security-crypto-6.4.3.jar;C:\Users\maciej\.gradle\caches\modules-2\files-2.1\io.jsonwebtoken\jjwt-api\0.11.5\f742940045619d06383e7df37b21ac422b476cf1\jjwt-api-0.11.5.jar;C:\Users\maciej\.gradle\caches\modules-2\files-2.1\org.springframework.boot\spring-boot-starter-json\3.4.3\7a4d63165404da67ed3802678994c21a0763723\spring-boot-starter-json-3.4.3.jar;C:\Users\maciej\.gradle\caches\modules-2\files-2.1\org.springframework.boot\spring-boot-starter\3.4.3\247fdc05cd6de013c3fd26628fa221dd095b391\spring-boot-starter-3.4.3.jar;C:\Users\maciej\.gradle\caches\modules-2\files-2.1\org.springframework\spring-webmvc\6.2.3\485f6e351bba471fc8f841f39eaf6488896369ff\spring-webmvc-6.2.3.jar;C:\Users\maciej\.gradle\caches\modules-2\files-2.1\org.springframework\spring-web\6.2.3\662ac5ee41af27d183f97032b2fec2b652d379f5\spring-web-6.2.3.jar;C:\Users\maciej\.gradle\caches\modules-2\files-2.1\org.springframework.boot\spring-boot-starter-tomcat\3.4.3\40246b02bf8bf905dd5fb3d57f48bfc2c9b49bb9\spring-boot-starter-tomcat-3.4.3.jar;C:\Users\maciej\.gradle\caches\modules-2\files-2.1\org.springdoc\springdoc-openapi-starter-webmvc-api\2.8.5\14b01ce78902bd69087abaaf364688d1de2bddcf\springdoc-openapi-starter-webmvc-api-2.8.5.jar;C:\Users\maciej\.gradle\caches\modules-2\files-2.1\org.webjars\swagger-ui\5.18.3\f67530d3015d70cca8fad24d64065684bba2ac74\swagger-ui-5.18.3.jar;C:\Users\maciej\.gradle\caches\modules-2\files-2.1\org.webjars\webjars-locator-lite\1.0.1\b4389136604123d4fe4199cc29b94a33206996bc\webjars-locator-lite-1.0.1.jar;C:\Users\maciej\.gradle\caches\modules-2\files-2.1\com.fasterxml.jackson.core\jackson-databind\2.18.2\deef8697b92141fb6caf7aa86966cff4eec9b04f\jackson-databind-2.18.2.jar;C:\Users\maciej\.gradle\caches\modules-2\files-2.1\com.fasterxml.jackson.core\jackson-annotations\2.18.2\985d77751ebc7fce5db115a986bc9aa82f973f4a\jackson-annotations-2.18.2.jar;C:\Users\maciej\.gradle\caches\modules-2\files-2.1\org.jetbrains\annotations\13.0\919f0dfe192fb4e063e7dacadee7f8bb9a2672a9\annotations-13.0.jar;C:\Users\maciej\.gradle\caches\modules-2\files-2.1\org.springframework.boot\spring-boot-actuator-autoconfigure\3.4.3\7687349974634acfe2bd65d31dd77ce739a29e62\spring-boot-actuator-autoconfigure-3.4.3.jar;C:\Users\maciej\.gradle\caches\modules-2\files-2.1\io.micrometer\micrometer-jakarta9\1.14.4\12d16a5b64c005b38214bff4070deaa6b0fd29c5\micrometer-jakarta9-1.14.4.jar;C:\Users\maciej\.gradle\caches\modules-2\files-2.1\io.micrometer\micrometer-observation\1.14.4\c17efe9e6695a0a849a95d0e77422516a345e779\micrometer-observation-1.14.4.jar;C:\Users\maciej\.gradle\caches\modules-2\files-2.1\org.springframework.boot\spring-boot-starter-jdbc\3.4.3\87c09bd67ea27fcd30d6413fdbc5bfa1f688e5e8\spring-boot-starter-jdbc-3.4.3.jar;C:\Users\maciej\.gradle\caches\modules-2\files-2.1\org.springframework.data\spring-data-jpa\3.4.3\7e4c0e9c14f4d971a9de6aff3c9beece2001480b\spring-data-jpa-3.4.3.jar;C:\Users\maciej\.gradle\caches\modules-2\files-2.1\org.hibernate.orm\hibernate-core\6.6.8.Final\2738c642d5e505249faa2f923e03541aa6b96916\hibernate-core-6.6.8.Final.jar;C:\Users\maciej\.gradle\caches\modules-2\files-2.1\org.springframework\spring-aspects\6.2.3\f90a794dd3f81a1addc0552bc091e3f85b2428de\spring-aspects-6.2.3.jar;C:\Users\maciej\.gradle\caches\modules-2\files-2.1\com.fasterxml.jackson.datatype\jackson-datatype-jdk8\2.18.2\9ed6d538ebcc66864e114a7040953dce6ab6ea53\jackson-datatype-jdk8-2.18.2.jar;C:\Users\maciej\.gradle\caches\modules-2\files-2.1\com.fasterxml.jackson.datatype\jackson-datatype-jsr310\2.18.2\7b6ff96adf421f4c6edbd694e797dd8fe434510a\jackson-datatype-jsr310-2.18.2.jar;C:\Users\maciej\.gradle\caches\modules-2\files-2.1\com.fasterxml.jackson.module\jackson-module-parameter-names\2.18.2\72960cb3277347a748911d100c3302d60e8a616a\jackson-module-parameter-names-2.18.2.jar;C:\Users\maciej\.gradle\caches\modules-2\files-2.1\org.springframework.boot\spring-boot-autoconfigure\3.4.3\6172c599082196b340910d67c5c790c32f10e417\spring-boot-autoconfigure-3.4.3.jar;C:\Users\maciej\.gradle\caches\modules-2\files-2.1\org.springframework.boot\spring-boot\3.4.3\a7138bcecd59ed27660b3894a7812d65db4951e6\spring-boot-3.4.3.jar;C:\Users\maciej\.gradle\caches\modules-2\files-2.1\org.springframework.boot\spring-boot-starter-logging\3.4.3\e5aee6af32c2dbcc9fb379bcd6c5e5b931db93f1\spring-boot-starter-logging-3.4.3.jar;C:\Users\maciej\.gradle\caches\modules-2\files-2.1\jakarta.annotation\jakarta.annotation-api\2.1.1\48b9bda22b091b1f48b13af03fe36db3be6e1ae3\jakarta.annotation-api-2.1.1.jar;C:\Users\maciej\.gradle\caches\modules-2\files-2.1\org.springframework\spring-core\6.2.3\13ec11e345b915d7ceea37446f1b1eefdcaad62c\spring-core-6.2.3.jar;C:\Users\maciej\.gradle\caches\modules-2\files-2.1\org.yaml\snakeyaml\2.3\936b36210e27320f920536f695cf1af210c44586\snakeyaml-2.3.jar;C:\Users\maciej\.gradle\caches\modules-2\files-2.1\org.springframework\spring-context\6.2.3\35acadc000b8aaff77e3412dd9acb51aa70c8515\spring-context-6.2.3.jar;C:\Users\maciej\.gradle\caches\modules-2\files-2.1\org.springframework\spring-aop\6.2.3\7983418fa64505d144b60826fb1352ad336c60a0\spring-aop-6.2.3.jar;C:\Users\maciej\.gradle\caches\modules-2\files-2.1\org.springframework\spring-beans\6.2.3\de660324c90e9b015886d85c746860478fa7d99c\spring-beans-6.2.3.jar;C:\Users\maciej\.gradle\caches\modules-2\files-2.1\org.springframework\spring-expression\6.2.3\bda43c7be1bb69cce2a380c2bbaf05062631d42d\spring-expression-6.2.3.jar;C:\Users\maciej\.gradle\caches\modules-2\files-2.1\org.apache.tomcat.embed\tomcat-embed-websocket\10.1.36\222960bc8895aa543e405382094c7fb118544d0d\tomcat-embed-websocket-10.1.36.jar;C:\Users\maciej\.gradle\caches\modules-2\files-2.1\org.apache.tomcat.embed\tomcat-embed-core\10.1.36\3ccaa558e32e317e35d6674d65d7d9aa182e082f\tomcat-embed-core-10.1.36.jar;C:\Users\maciej\.gradle\caches\modules-2\files-2.1\org.apache.tomcat.embed\tomcat-embed-el\10.1.36\4e4235a18244af30bb32d9b5a9400fb8edb3bc20\tomcat-embed-el-10.1.36.jar;C:\Users\maciej\.gradle\caches\modules-2\files-2.1\org.springdoc\springdoc-openapi-starter-common\2.8.5\6642dd0895e9b06848584797d1f97293f2e2afd6\springdoc-openapi-starter-common-2.8.5.jar;C:\Users\maciej\.gradle\caches\modules-2\files-2.1\org.jspecify\jspecify\1.0.0\7425a601c1c7ec76645a78d22b8c6a627edee507\jspecify-1.0.0.jar;C:\Users\maciej\.gradle\caches\modules-2\files-2.1\com.fasterxml.jackson.core\jackson-core\2.18.2\fb64ccac5c27dca8819418eb4e443a9f496d9ee7\jackson-core-2.18.2.jar;C:\Users\maciej\.gradle\caches\modules-2\files-2.1\org.springframework.boot\spring-boot-actuator\3.4.3\64bd1325ed7d0d46141c161a1dd22ad818f3ea27\spring-boot-actuator-3.4.3.jar;C:\Users\maciej\.gradle\caches\modules-2\files-2.1\io.micrometer\micrometer-core\1.14.4\5686f90bba1d2f7ba0d3adb14f90b95659a6461\micrometer-core-1.14.4.jar;C:\Users\maciej\.gradle\caches\modules-2\files-2.1\io.micrometer\micrometer-commons\1.14.4\3664f95586514d8f9adc81a5f7a5ef9f66b65599\micrometer-commons-1.14.4.jar;C:\Users\maciej\.gradle\caches\modules-2\files-2.1\org.springframework\spring-jdbc\6.2.3\37a5f7fd424fe555a556138c8ac4f8d6dd312c19\spring-jdbc-6.2.3.jar;C:\Users\maciej\.gradle\caches\modules-2\files-2.1\com.zaxxer\HikariCP\5.1.0\8c96e36c14461fc436bb02b264b96ef3ca5dca8c\HikariCP-5.1.0.jar;C:\Users\maciej\.gradle\caches\modules-2\files-2.1\org.springframework\spring-orm\6.2.3\b99b9917702591c2ef0cfa7a9bff6bf757015437\spring-orm-6.2.3.jar;C:\Users\maciej\.gradle\caches\modules-2\files-2.1\org.springframework.data\spring-data-commons\3.4.3\2b61ff4aef4a81071ce7eaf1ec29ef9e553bf930\spring-data-commons-3.4.3.jar;C:\Users\maciej\.gradle\caches\modules-2\files-2.1\org.springframework\spring-tx\6.2.3\29c8703a756f9a41bc8e14e2aae7890658c54abf\spring-tx-6.2.3.jar;C:\Users\maciej\.gradle\caches\modules-2\files-2.1\org.antlr\antlr4-runtime\4.13.0\5a02e48521624faaf5ff4d99afc88b01686af655\antlr4-runtime-4.13.0.jar;C:\Users\maciej\.gradle\caches\modules-2\files-2.1\org.slf4j\slf4j-api\2.0.16\172931663a09a1fa515567af5fbef00897d3c04\slf4j-api-2.0.16.jar;C:\Users\maciej\.gradle\caches\modules-2\files-2.1\jakarta.persistence\jakarta.persistence-api\3.1.0\66901fa1c373c6aff65c13791cc11da72060a8d6\jakarta.persistence-api-3.1.0.jar;C:\Users\maciej\.gradle\caches\modules-2\files-2.1\jakarta.transaction\jakarta.transaction-api\2.0.1\51a520e3fae406abb84e2e1148e6746ce3f80a1a\jakarta.transaction-api-2.0.1.jar;C:\Users\maciej\.gradle\caches\modules-2\files-2.1\org.aspectj\aspectjweaver\1.9.22.1\bca243d0af0db4758fbae45c5f4995cb5dabb612\aspectjweaver-1.9.22.1.jar;C:\Users\maciej\.gradle\caches\modules-2\files-2.1\ch.qos.logback\logback-classic\1.5.16\113979db51dfad6dc895b34460d7b7ff64ffe7d2\logback-classic-1.5.16.jar;C:\Users\maciej\.gradle\caches\modules-2\files-2.1\org.apache.logging.log4j\log4j-to-slf4j\2.24.3\da1143e2a2531ee1c2d90baa98eb50a28a39d5a7\log4j-to-slf4j-2.24.3.jar;C:\Users\maciej\.gradle\caches\modules-2\files-2.1\org.slf4j\jul-to-slf4j\2.0.16\6d57da3e961daac65bcca0dd3def6cd11e48a24a\jul-to-slf4j-2.0.16.jar;C:\Users\maciej\.gradle\caches\modules-2\files-2.1\org.springframework\spring-jcl\6.2.3\ce8bf55aa240fdeab07b3da1f462c79112a33aff\spring-jcl-6.2.3.jar;C:\Users\maciej\.gradle\caches\modules-2\files-2.1\io.swagger.core.v3\swagger-core-jakarta\2.2.28\d990934d07d250cedcf2bbc7632118ae316bf712\swagger-core-jakarta-2.2.28.jar;C:\Users\maciej\.gradle\caches\modules-2\files-2.1\ch.qos.logback\logback-core\1.5.16\4f17700f046900aea2fadf115e2d67fec921f7fd\logback-core-1.5.16.jar;C:\Users\maciej\.gradle\caches\modules-2\files-2.1\org.apache.logging.log4j\log4j-api\2.24.3\b02c125db8b6d295adf72ae6e71af5d83bce2370\log4j-api-2.24.3.jar;C:\Users\maciej\.gradle\caches\modules-2\files-2.1\com.fasterxml.jackson.dataformat\jackson-dataformat-yaml\2.18.2\d000e13505d1cf564371516fa3d5b8769a779dc9\jackson-dataformat-yaml-2.18.2.jar;C:\Users\maciej\.gradle\caches\modules-2\files-2.1\io.swagger.core.v3\swagger-models-jakarta\2.2.28\72865af71d886a979322def19fc86753f267d4f7\swagger-models-jakarta-2.2.28.jar;C:\Users\maciej\.gradle\caches\modules-2\files-2.1\org.apache.commons\commons-lang3\3.17.0\b17d2136f0460dcc0d2016ceefca8723bdf4ee70\commons-lang3-3.17.0.jar;C:\Users\maciej\.gradle\caches\modules-2\files-2.1\io.swagger.core.v3\swagger-annotations-jakarta\2.2.28\4b303c4bf8940b417e50e3600eb63aa6f6531f0\swagger-annotations-jakarta-2.2.28.jar;C:\Users\maciej\.gradle\caches\modules-2\files-2.1\jakarta.xml.bind\jakarta.xml.bind-api\4.0.2\6cd5a999b834b63238005b7144136379dc36cad2\jakarta.xml.bind-api-4.0.2.jar;C:\Users\maciej\.gradle\caches\modules-2\files-2.1\jakarta.validation\jakarta.validation-api\3.0.2\92b6631659ba35ca09e44874d3eb936edfeee532\jakarta.validation-api-3.0.2.jar;C:\Users\maciej\.gradle\caches\modules-2\files-2.1\jakarta.activation\jakarta.activation-api\2.1.3\fa165bd70cda600368eee31555222776a46b881f\jakarta.activation-api-2.1.3.jar;C:\Users\maciej\.gradle\caches\modules-2\files-2.1\io.jsonwebtoken\jjwt-jackson\0.11.5\3b83a06809e98a69402d7333dcf67df6f6ea4579\jjwt-jackson-0.11.5.jar;C:\Users\maciej\.gradle\caches\modules-2\files-2.1\io.jsonwebtoken\jjwt-impl\0.11.5\40a599f0e8a8e4e0701596fbb15e67bfda64fdf0\jjwt-impl-0.11.5.jar;C:\Users\maciej\.gradle\caches\modules-2\files-2.1\org.postgresql\postgresql\42.7.5\747897987b86c741fb8b56f6b81929ae1e6e4b46\postgresql-42.7.5.jar;C:\Users\maciej\.gradle\caches\modules-2\files-2.1\org.checkerframework\checker-qual\3.48.3\c48effe7d78de3cf5e8a98c614281ec6a2466a77\checker-qual-3.48.3.jar;C:\Users\maciej\.gradle\caches\modules-2\files-2.1\org.jboss.logging\jboss-logging\3.6.1.Final\886afbb445b4016a37c8960a7aef6ebd769ce7e5\jboss-logging-3.6.1.Final.jar;C:\Users\maciej\.gradle\caches\modules-2\files-2.1\org.hibernate.common\hibernate-commons-annotations\7.0.3.Final\e183c4be8bb41d12e9f19b374e00c34a0a85f439\hibernate-commons-annotations-7.0.3.Final.jar;C:\Users\maciej\.gradle\caches\modules-2\files-2.1\io.smallrye\jandex\3.2.0\f17ad860f62a08487b9edabde608f8ac55c62fa7\jandex-3.2.0.jar;C:\Users\maciej\.gradle\caches\modules-2\files-2.1\com.fasterxml\classmate\1.7.0\e98374da1f2143ac8e6e0a95036994bb19137a3\classmate-1.7.0.jar;C:\Users\maciej\.gradle\caches\modules-2\files-2.1\net.bytebuddy\byte-buddy\1.15.11\f61886478e0f9ee4c21d09574736f0ff45e0a46c\byte-buddy-1.15.11.jar;C:\Users\maciej\.gradle\caches\modules-2\files-2.1\org.glassfish.jaxb\jaxb-runtime\4.0.5\ca84c2a7169b5293e232b9d00d1e4e36d4c3914a\jaxb-runtime-4.0.5.jar;C:\Users\maciej\.gradle\caches\modules-2\files-2.1\jakarta.inject\jakarta.inject-api\2.0.1\4c28afe1991a941d7702fe1362c365f0a8641d1e\jakarta.inject-api-2.0.1.jar;C:\Users\maciej\.gradle\caches\modules-2\files-2.1\org.hdrhistogram\HdrHistogram\2.2.2\7959933ebcc0f05b2eaa5af0a0c8689fa257b15c\HdrHistogram-2.2.2.jar;C:\Users\maciej\.gradle\caches\modules-2\files-2.1\org.latencyutils\LatencyUtils\2.0.3\769c0b82cb2421c8256300e907298a9410a2a3d3\LatencyUtils-2.0.3.jar;C:\Users\maciej\.gradle\caches\modules-2\files-2.1\org.glassfish.jaxb\jaxb-core\4.0.5\7b4b11ea5542eea4ad55e1080b23be436795b3\jaxb-core-4.0.5.jar;C:\Users\maciej\.gradle\caches\modules-2\files-2.1\org.eclipse.angus\angus-activation\2.0.2\41f1e0ddd157c856926ed149ab837d110955a9fc\angus-activation-2.0.2.jar;C:\Users\maciej\.gradle\caches\modules-2\files-2.1\org.glassfish.jaxb\txw2\4.0.5\f36a4ef12120a9bb06d766d6a0e54b144fd7ed98\txw2-4.0.5.jar;C:\Users\maciej\.gradle\caches\modules-2\files-2.1\com.sun.istack\istack-commons-runtime\4.1.2\18ec117c85f3ba0ac65409136afa8e42bc74e739\istack-commons-runtime-4.1.2.jar
Launcher Type: SUN_STANDARD

[Global flags]
     intx CICompilerCount                          = 4                                         {product} {ergonomic}
     uint ConcGCThreads                            = 3                                         {product} {ergonomic}
     bool FlightRecorder                           = true                                      {product} {management}
     uint G1ConcRefinementThreads                  = 10                                        {product} {ergonomic}
   size_t G1HeapRegionSize                         = 2097152                                   {product} {ergonomic}
   size_t InitialHeapSize                          = 264241152                                 {product} {ergonomic}
     bool ManagementServer                         = true                                      {product} {command line}
   size_t MarkStackSize                            = 4194304                                   {product} {ergonomic}
   size_t MarkStackSizeMax                         = 536870912                                 {product} {ergonomic}
   size_t MaxHeapSize                              = 4219469824                                {product} {ergonomic}
   size_t MaxNewSize                               = 2531262464                                {product} {ergonomic}
   size_t MinHeapDeltaBytes                        = 2097152                                   {product} {ergonomic}
   size_t MinHeapSize                              = 8388608                                   {product} {ergonomic}
    uintx NonNMethodCodeHeapSize                   = 4096                                   {pd product} {ergonomic}
    uintx NonProfiledCodeHeapSize                  = 0                                      {pd product} {ergonomic}
     bool ProfileInterpreter                       = false                                  {pd product} {command line}
    uintx ProfiledCodeHeapSize                     = 0                                      {pd product} {ergonomic}
   size_t SoftMaxHeapSize                          = 4219469824                             {manageable} {ergonomic}
     intx TieredStopAtLevel                        = 1                                         {product} {command line}
     bool UseCompressedOops                        = true                           {product lp64_product} {ergonomic}
     bool UseG1GC                                  = true                                      {product} {ergonomic}
     bool UseLargePagesIndividualAllocation        = false                                  {pd product} {ergonomic}

Logging:
Log output configuration:
 #0: stdout all=warning uptime,level,tags foldmultilines=false
 #1: stderr all=off uptime,level,tags foldmultilines=false

Environment Variables:
PATH=C:\Windows\system32;C:\Windows;C:\Windows\System32\Wbem;C:\Windows\System32\WindowsPowerShell\v1.0\;C:\Windows\System32\OpenSSH\;C:\Program Files\nodejs\;C:\Program Files\PuTTY\;C:\Program Files (x86)\NVIDIA Corporation\PhysX\Common;C:\Program Files\Git\cmd;C:\Users\maciej\AppData\Local\Microsoft\WindowsApps;C:\Users\maciej\AppData\Local\Programs\Microsoft VS Code\bin;C:\Users\maciej\AppData\Roaming\npm
USERNAME=maciej
OS=Windows_NT
PROCESSOR_IDENTIFIER=Intel64 Family 6 Model 151 Stepping 2, GenuineIntel
TMP=C:\Users\maciej\AppData\Local\Temp
TEMP=C:\Users\maciej\AppData\Local\Temp




Periodic native trim disabled

---------------  S Y S T E M  ---------------

OS:
 Windows 11 , 64 bit Build 22621 (10.0.22621.4391)
OS uptime: 27 days 0:37 hours
Hyper-V role detected

CPU: total 12 (initial active 12) (6 cores per cpu, 2 threads per core) family 6 model 151 stepping 2 microcode 0x36, cx8, cmov, fxsr, ht, mmx, 3dnowpref, sse, sse2, sse3, ssse3, sse4.1, sse4.2, popcnt, lzcnt, tsc, tscinvbit, avx, avx2, aes, erms, clmul, bmi1, bmi2, adx, sha, fma, vzeroupper, clflush, clflushopt, clwb, hv, serialize, rdtscp, rdpid, fsrm, gfni, f16c, cet_ibt, cet_ss
Processor Information for processor 0
  Max Mhz: 2400, Current Mhz: 2400, Mhz Limit: 2400
Processor Information for processor 1
  Max Mhz: 2400, Current Mhz: 2400, Mhz Limit: 2400
Processor Information for processor 2
  Max Mhz: 2400, Current Mhz: 1520, Mhz Limit: 2400
Processor Information for processor 3
  Max Mhz: 2400, Current Mhz: 2400, Mhz Limit: 2400
Processor Information for processor 4
  Max Mhz: 2400, Current Mhz: 2400, Mhz Limit: 2400
Processor Information for processor 5
  Max Mhz: 2400, Current Mhz: 2400, Mhz Limit: 2400
Processor Information for processor 6
  Max Mhz: 2400, Current Mhz: 2400, Mhz Limit: 2400
Processor Information for processor 7
  Max Mhz: 2400, Current Mhz: 2400, Mhz Limit: 2400
Processor Information for processor 8
  Max Mhz: 2400, Current Mhz: 2400, Mhz Limit: 2400
Processor Information for processor 9
  Max Mhz: 2400, Current Mhz: 2400, Mhz Limit: 2400
Processor Information for processor 10
  Max Mhz: 2400, Current Mhz: 2400, Mhz Limit: 2400
Processor Information for processor 11
  Max Mhz: 2400, Current Mhz: 2400, Mhz Limit: 2400

Memory: 4k page, system-wide physical 16091M (2710M free)
TotalPageFile size 37595M (AvailPageFile size 20520M)
current process WorkingSet (physical memory assigned to process): 284M, peak: 284M
current process commit charge ("private bytes"): 354M, peak: 383M

vm_info: Java HotSpot(TM) 64-Bit Server VM (24+36-3646) for windows-amd64 JRE (24+36-3646), built on 2025-02-06T00:20:43Z with MS VC++ 17.6 (VS2022)

END.
